WARNING: The requested image's platform (linux/amd64) does not match the detected host platform (linux/arm64/v8) and no specific platform was requested
── Attaching core tidyverse packages ──────────────────────── tidyverse 2.0.0 ──
✔ dplyr     1.1.4     ✔ readr     2.1.5
✔ forcats   1.0.0     ✔ stringr   1.5.1
✔ ggplot2   3.5.1     ✔ tibble    3.2.1
✔ lubridate 1.9.4     ✔ tidyr     1.3.1
✔ purrr     1.0.4     
── Conflicts ────────────────────────────────────────── tidyverse_conflicts() ──
✖ dplyr::filter() masks stats::filter()
✖ dplyr::lag()    masks stats::lag()
ℹ Use the conflicted package (<http://conflicted.r-lib.org/>) to force all conflicts to become errors

Attaching package: ‘gridExtra’

The following object is masked from ‘package:dplyr’:

    combine

`summarise()` has grouped output by 'SampleID'. You can override using the
`.groups` argument.
`summarise()` has grouped output by 'SampleID'. You can override using the
`.groups` argument.
Scale for y is already present.
Adding another scale for y, which will replace the existing scale.
Warning message:
The `<scale>` argument of `guides()` cannot be `FALSE`. Use "none" instead as
of ggplot2 3.3.4. 
`stat_bin()` using `bins = 30`. Pick better value with `binwidth`.
Warning messages:
1: In scale_y_log10() : log-10 transformation introduced infinite values.
2: Removed 7 rows containing missing values or values outside the scale range
(`geom_bar()`). 


processing file: QCplots.Rmd
output file: QCplots.knit.md


Output created: QCplots.html
