Feb-24 11:25:31.612 [main] DEBUG nextflow.cli.Launcher - $> nextflow run main.nf --readDIR /Users/shodanbeats/Desktop/Job_Search_2025/ucsf_exercise/exercise_data/part2/example_fasta --outDIR /Users/shodanbeats/Desktop/Job_Search_2025/ucsf_exercise/exercise_data/part2/results -profile docker --genome /Users/shodanbeats/Desktop/Job_Search_2025/ucsf_exercise/exercise_data/part2/mad4hatter/data/reference/v1/PkPfPmPoPv.fasta --target v4 --sequencer miseq --pools D1.1,R1.2,R2.1
Feb-24 11:25:31.680 [main] DEBUG nextflow.cli.CmdRun - N E X T F L O W  ~  version 24.10.4
Feb-24 11:25:31.698 [main] DEBUG nextflow.plugin.PluginsFacade - Setting up plugin manager > mode=prod; embedded=false; plugins-dir=/Users/shodanbeats/.nextflow/plugins; core-plugins: nf-amazon@2.9.2,nf-azure@1.10.2,nf-cloudcache@0.4.2,nf-codecommit@0.2.2,nf-console@1.1.4,nf-google@1.15.3,nf-tower@1.9.3,nf-wave@1.7.4
Feb-24 11:25:31.711 [main] INFO  o.pf4j.DefaultPluginStatusProvider - Enabled plugins: []
Feb-24 11:25:31.711 [main] INFO  o.pf4j.DefaultPluginStatusProvider - Disabled plugins: []
Feb-24 11:25:31.713 [main] INFO  org.pf4j.DefaultPluginManager - PF4J version 3.12.0 in 'deployment' mode
Feb-24 11:25:31.726 [main] INFO  org.pf4j.AbstractPluginManager - No plugins
Feb-24 11:25:31.744 [main] DEBUG nextflow.config.ConfigBuilder - Found config local: /Users/shodanbeats/Desktop/Job_Search_2025/ucsf_exercise/exercise_data/part2/mad4hatter/nextflow.config
Feb-24 11:25:31.746 [main] DEBUG nextflow.config.ConfigBuilder - Parsing config file: /Users/shodanbeats/Desktop/Job_Search_2025/ucsf_exercise/exercise_data/part2/mad4hatter/nextflow.config
Feb-24 11:25:31.769 [main] DEBUG n.secret.LocalSecretsProvider - Secrets store: /Users/shodanbeats/.nextflow/secrets/store.json
Feb-24 11:25:31.771 [main] DEBUG nextflow.secret.SecretsLoader - Discovered secrets providers: [nextflow.secret.LocalSecretsProvider@746cd757] - activable => nextflow.secret.LocalSecretsProvider@746cd757
Feb-24 11:25:31.782 [main] DEBUG nextflow.config.ConfigBuilder - Applying config profile: `docker`
Feb-24 11:25:32.366 [main] DEBUG nextflow.config.ConfigBuilder - Available config profiles: [sge, slurm, mamba, apptainer, conda, docker]
Feb-24 11:25:32.394 [main] DEBUG nextflow.cli.CmdRun - Applied DSL=2 from script declaration
Feb-24 11:25:32.408 [main] DEBUG nextflow.cli.CmdRun - Launching `main.nf` [deadly_torvalds] DSL2 - revision: be188adb25
Feb-24 11:25:32.409 [main] DEBUG nextflow.plugin.PluginsFacade - Plugins default=[]
Feb-24 11:25:32.409 [main] DEBUG nextflow.plugin.PluginsFacade - Plugins resolved requirement=[]
Feb-24 11:25:32.466 [main] DEBUG nextflow.Session - Session UUID: e3bd2484-5dfe-406d-96bd-efd06f7bc648
Feb-24 11:25:32.466 [main] DEBUG nextflow.Session - Run name: deadly_torvalds
Feb-24 11:25:32.466 [main] DEBUG nextflow.Session - Executor pool size: 10
Feb-24 11:25:32.475 [main] DEBUG nextflow.file.FilePorter - File porter settings maxRetries=3; maxTransfers=50; pollTimeout=null
Feb-24 11:25:32.479 [main] DEBUG nextflow.util.ThreadPoolBuilder - Creating thread pool 'FileTransfer' minSize=10; maxSize=30; workQueue=LinkedBlockingQueue[10000]; allowCoreThreadTimeout=false
Feb-24 11:25:32.505 [main] DEBUG nextflow.cli.CmdRun - 
  Version: 24.10.4 build 5934
  Created: 20-01-2025 16:47 UTC (10:47 CDT)
  System: Mac OS X 15.0.1
  Runtime: Groovy 4.0.23 on OpenJDK 64-Bit Server VM 11.0.13+7-b1751.21
  Encoding: UTF-8 (UTF-8)
  Process: 12749@Dakotas-MacBook-Pro.local [127.0.0.1]
  CPUs: 10 - Mem: 32 GB (6.5 GB) - Swap: 0 (0)
Feb-24 11:25:32.516 [main] DEBUG nextflow.Session - Work-dir: /Users/shodanbeats/Desktop/Job_Search_2025/ucsf_exercise/exercise_data/part2/mad4hatter/work [Mac OS X]
Feb-24 11:25:32.535 [main] DEBUG nextflow.executor.ExecutorFactory - Extension executors providers=[]
Feb-24 11:25:32.543 [main] DEBUG nextflow.Session - Observer factory: DefaultObserverFactory
Feb-24 11:25:32.567 [main] DEBUG nextflow.cache.CacheFactory - Using Nextflow cache factory: nextflow.cache.DefaultCacheFactory
Feb-24 11:25:32.577 [main] DEBUG nextflow.util.CustomThreadPool - Creating default thread pool > poolSize: 11; maxThreads: 1000
Feb-24 11:25:32.643 [main] DEBUG nextflow.Session - Session start
Feb-24 11:25:32.947 [main] DEBUG nextflow.script.ScriptRunner - > Launching execution
Feb-24 11:25:34.088 [main] DEBUG nextflow.script.ProcessConfig - Config settings `withLabel:process_single` matches labels `process_single` for process with name DEMULTIPLEX_AMPLICONS:CREATE_PRIMER_FILES
Feb-24 11:25:34.097 [main] DEBUG nextflow.executor.ExecutorFactory - << taskConfig executor: local
Feb-24 11:25:34.097 [main] DEBUG nextflow.executor.ExecutorFactory - >> processorType: 'local'
Feb-24 11:25:34.102 [main] DEBUG nextflow.executor.Executor - [warm up] executor > local
Feb-24 11:25:34.106 [main] DEBUG n.processor.LocalPollingMonitor - Creating local task monitor for executor 'local' > cpus=10; memory=32 GB; capacity=10; pollInterval=100ms; dumpInterval=5m
Feb-24 11:25:34.109 [main] DEBUG n.processor.TaskPollingMonitor - >>> barrier register (monitor: local)
Feb-24 11:25:34.169 [main] DEBUG nextflow.script.ProcessConfig - Config settings `withLabel:process_low` matches labels `process_low` for process with name DEMULTIPLEX_AMPLICONS:CUTADAPT
Feb-24 11:25:34.171 [main] DEBUG nextflow.executor.ExecutorFactory - << taskConfig executor: local
Feb-24 11:25:34.171 [main] DEBUG nextflow.executor.ExecutorFactory - >> processorType: 'local'
Feb-24 11:25:34.192 [main] DEBUG nextflow.script.ProcessConfig - Config settings `withLabel:process_high` matches labels `process_high` for process with name DENOISE_AMPLICONS_1:DADA2_ANALYSIS
Feb-24 11:25:34.194 [main] DEBUG nextflow.executor.ExecutorFactory - << taskConfig executor: local
Feb-24 11:25:34.194 [main] DEBUG nextflow.executor.ExecutorFactory - >> processorType: 'local'
Feb-24 11:25:34.200 [main] DEBUG nextflow.script.ProcessConfig - Config settings `withLabel:process_single` matches labels `process_single` for process with name DENOISE_AMPLICONS_2:COLLAPSE_CONCATENATED_READS
Feb-24 11:25:34.201 [main] DEBUG nextflow.executor.ExecutorFactory - << taskConfig executor: local
Feb-24 11:25:34.201 [main] DEBUG nextflow.executor.ExecutorFactory - >> processorType: 'local'
Feb-24 11:25:34.210 [main] DEBUG nextflow.Nextflow - Genome path: /Users/shodanbeats/Desktop/Job_Search_2025/ucsf_exercise/exercise_data/part2/mad4hatter/data/reference/v1/PkPfPmPoPv.fasta
Feb-24 11:25:34.210 [main] DEBUG nextflow.Nextflow - Absolute path: /Users/shodanbeats/Desktop/Job_Search_2025/ucsf_exercise/exercise_data/part2/mad4hatter/data/reference/v1/PkPfPmPoPv.fasta
Feb-24 11:25:34.211 [main] DEBUG nextflow.Nextflow - Does it exist? true
Feb-24 11:25:34.214 [main] DEBUG nextflow.script.ProcessConfig - Config settings `withLabel:process_medium` matches labels `process_medium` for process with name DENOISE_AMPLICONS_2:PREPARE_REFERENCE_SEQUENCES:CREATE_REFERENCE_FROM_GENOMES
Feb-24 11:25:34.216 [main] DEBUG nextflow.executor.ExecutorFactory - << taskConfig executor: local
Feb-24 11:25:34.216 [main] DEBUG nextflow.executor.ExecutorFactory - >> processorType: 'local'
Feb-24 11:25:34.222 [main] DEBUG nextflow.script.ProcessConfig - Config settings `withLabel:process_high` matches labels `process_high` for process with name DENOISE_AMPLICONS_2:ALIGN_TO_REFERENCE
Feb-24 11:25:34.224 [main] DEBUG nextflow.executor.ExecutorFactory - << taskConfig executor: local
Feb-24 11:25:34.224 [main] DEBUG nextflow.executor.ExecutorFactory - >> processorType: 'local'
Feb-24 11:25:34.229 [main] DEBUG nextflow.script.ProcessConfig - Config settings `withLabel:process_low` matches labels `process_low` for process with name DENOISE_AMPLICONS_2:FILTER_ASVS
Feb-24 11:25:34.230 [main] DEBUG nextflow.executor.ExecutorFactory - << taskConfig executor: local
Feb-24 11:25:34.230 [main] DEBUG nextflow.executor.ExecutorFactory - >> processorType: 'local'
Feb-24 11:25:34.235 [main] DEBUG nextflow.script.ProcessConfig - Config settings `withLabel:process_single` matches labels `process_single` for process with name DENOISE_AMPLICONS_2:MASK_LOW_COMPLEXITY_REGIONS:MASK_REFERENCE_TANDEM_REPEATS
Feb-24 11:25:34.237 [main] DEBUG nextflow.executor.ExecutorFactory - << taskConfig executor: local
Feb-24 11:25:34.237 [main] DEBUG nextflow.executor.ExecutorFactory - >> processorType: 'local'
Feb-24 11:25:34.242 [main] DEBUG nextflow.script.ProcessConfig - Config settings `withLabel:process_medium` matches labels `process_medium` for process with name DENOISE_AMPLICONS_2:MASK_LOW_COMPLEXITY_REGIONS:MASK_REFERENCE_HOMOPOLYMERS
Feb-24 11:25:34.243 [main] DEBUG nextflow.executor.ExecutorFactory - << taskConfig executor: local
Feb-24 11:25:34.243 [main] DEBUG nextflow.executor.ExecutorFactory - >> processorType: 'local'
Feb-24 11:25:34.252 [main] DEBUG nextflow.script.ProcessConfig - Config settings `withLabel:process_medium` matches labels `process_medium` for process with name DENOISE_AMPLICONS_2:MASK_LOW_COMPLEXITY_REGIONS:MASK_SEQUENCES
Feb-24 11:25:34.253 [main] DEBUG nextflow.executor.ExecutorFactory - << taskConfig executor: local
Feb-24 11:25:34.253 [main] DEBUG nextflow.executor.ExecutorFactory - >> processorType: 'local'
Feb-24 11:25:34.258 [main] DEBUG nextflow.script.ProcessConfig - Config settings `withLabel:process_medium` matches labels `process_medium` for process with name DENOISE_AMPLICONS_2:BUILD_PSEUDOCIGAR
Feb-24 11:25:34.258 [main] DEBUG nextflow.executor.ExecutorFactory - << taskConfig executor: local
Feb-24 11:25:34.259 [main] DEBUG nextflow.executor.ExecutorFactory - >> processorType: 'local'
Feb-24 11:25:34.265 [main] DEBUG nextflow.script.ProcessConfig - Config settings `withLabel:process_single` matches labels `process_single` for process with name BUILD_ALLELETABLE
Feb-24 11:25:34.266 [main] DEBUG nextflow.executor.ExecutorFactory - << taskConfig executor: local
Feb-24 11:25:34.266 [main] DEBUG nextflow.executor.ExecutorFactory - >> processorType: 'local'
Feb-24 11:25:34.273 [main] DEBUG nextflow.executor.ExecutorFactory - << taskConfig executor: local
Feb-24 11:25:34.273 [main] DEBUG nextflow.executor.ExecutorFactory - >> processorType: 'local'
Feb-24 11:25:34.279 [main] DEBUG nextflow.script.ProcessConfig - Config settings `withLabel:process_single` matches labels `process_single` for process with name QUALITY_CONTROL:PREPROCESS_COVERAGE
Feb-24 11:25:34.280 [main] DEBUG nextflow.executor.ExecutorFactory - << taskConfig executor: local
Feb-24 11:25:34.280 [main] DEBUG nextflow.executor.ExecutorFactory - >> processorType: 'local'
Feb-24 11:25:34.284 [main] DEBUG nextflow.script.ProcessConfig - Config settings `withLabel:process_single` matches labels `process_single` for process with name QUALITY_CONTROL:POSTPROCESS_COVERAGE
Feb-24 11:25:34.285 [main] DEBUG nextflow.executor.ExecutorFactory - << taskConfig executor: local
Feb-24 11:25:34.285 [main] DEBUG nextflow.executor.ExecutorFactory - >> processorType: 'local'
Feb-24 11:25:34.292 [main] DEBUG nextflow.script.ProcessConfig - Config settings `withLabel:process_low` matches labels `process_low` for process with name QUALITY_CONTROL:QUALITY_REPORT
Feb-24 11:25:34.294 [main] DEBUG nextflow.executor.ExecutorFactory - << taskConfig executor: local
Feb-24 11:25:34.294 [main] DEBUG nextflow.executor.ExecutorFactory - >> processorType: 'local'
Feb-24 11:25:34.303 [main] DEBUG nextflow.script.ProcessConfig - Config settings `withLabel:process_medium` matches labels `process_medium` for process with name RESISTANCE_MARKER_MODULE:BUILD_RESISTANCE_TABLE
Feb-24 11:25:34.305 [main] DEBUG nextflow.executor.ExecutorFactory - << taskConfig executor: local
Feb-24 11:25:34.305 [main] DEBUG nextflow.executor.ExecutorFactory - >> processorType: 'local'
Feb-24 11:25:34.309 [main] DEBUG nextflow.Session - Workflow process names [dsl2]: BUILD_PSEUDOCIGAR, DENOISE_AMPLICONS_2:COLLAPSE_CONCATENATED_READS, QUALITY_CONTROL:QUALITY_REPORT, DADA2_ANALYSIS, DENOISE_AMPLICONS_2:FILTER_ASVS, DENOISE_AMPLICONS_2:MASK_LOW_COMPLEXITY_REGIONS:MASK_REFERENCE_HOMOPOLYMERS, DENOISE_AMPLICONS_2:BUILD_PSEUDOCIGAR, DENOISE_AMPLICONS_1:DADA2_ANALYSIS, MASK_REFERENCE_TANDEM_REPEATS, DENOISE_AMPLICONS_2:MASK_LOW_COMPLEXITY_REGIONS:MASK_REFERENCE_TANDEM_REPEATS, DEMULTIPLEX_AMPLICONS:CUTADAPT, CUTADAPT, POSTPROCESS_COVERAGE, DENOISE_AMPLICONS_2:ALIGN_TO_REFERENCE, CREATE_PRIMER_FILES, FILTER_ASVS, BUILD_ALLELETABLE, MASK_SEQUENCES, CALCULATE_ALLELE_FREQUENCIES, CREATE_REFERENCE_FROM_GENOMES, BUILD_RESISTANCE_TABLE, RESISTANCE_MARKER_MODULE:BUILD_RESISTANCE_TABLE, PREPROCESS_COVERAGE, QUALITY_CONTROL:PREPROCESS_COVERAGE, DENOISE_AMPLICONS_2:PREPARE_REFERENCE_SEQUENCES:CREATE_REFERENCE_FROM_GENOMES, DEMULTIPLEX_AMPLICONS:CREATE_PRIMER_FILES, MASK_REFERENCE_HOMOPOLYMERS, ALIGN_TO_REFERENCE, COLLAPSE_CONCATENATED_READS, DENOISE_AMPLICONS_2:MASK_LOW_COMPLEXITY_REGIONS:MASK_SEQUENCES, QUALITY_CONTROL:POSTPROCESS_COVERAGE, QUALITY_REPORT
Feb-24 11:25:34.309 [main] DEBUG nextflow.Session - Igniting dataflow network (21)
Feb-24 11:25:34.314 [PathVisitor-1] DEBUG nextflow.file.PathVisitor - files for syntax: glob; folder: /Users/shodanbeats/Desktop/Job_Search_2025/ucsf_exercise/exercise_data/part2/example_fasta/; pattern: *_R{1,2}*.fastq.gz; options: [checkIfExists:true]
Feb-24 11:25:34.314 [main] DEBUG nextflow.processor.TaskProcessor - Starting process > DEMULTIPLEX_AMPLICONS:CREATE_PRIMER_FILES
Feb-24 11:25:34.315 [main] DEBUG nextflow.processor.TaskProcessor - Starting process > DEMULTIPLEX_AMPLICONS:CUTADAPT
Feb-24 11:25:34.315 [main] DEBUG nextflow.processor.TaskProcessor - Starting process > DENOISE_AMPLICONS_1:DADA2_ANALYSIS
Feb-24 11:25:34.317 [main] DEBUG nextflow.processor.TaskProcessor - Starting process > DENOISE_AMPLICONS_2:COLLAPSE_CONCATENATED_READS
Feb-24 11:25:34.319 [main] DEBUG nextflow.processor.TaskProcessor - Starting process > DENOISE_AMPLICONS_2:PREPARE_REFERENCE_SEQUENCES:CREATE_REFERENCE_FROM_GENOMES
Feb-24 11:25:34.320 [main] DEBUG nextflow.processor.TaskProcessor - Starting process > DENOISE_AMPLICONS_2:ALIGN_TO_REFERENCE
Feb-24 11:25:34.321 [main] DEBUG nextflow.processor.TaskProcessor - Starting process > DENOISE_AMPLICONS_2:FILTER_ASVS
Feb-24 11:25:34.322 [main] DEBUG nextflow.processor.TaskProcessor - Starting process > DENOISE_AMPLICONS_2:MASK_LOW_COMPLEXITY_REGIONS:MASK_REFERENCE_TANDEM_REPEATS
Feb-24 11:25:34.322 [main] DEBUG nextflow.processor.TaskProcessor - Starting process > DENOISE_AMPLICONS_2:MASK_LOW_COMPLEXITY_REGIONS:MASK_REFERENCE_HOMOPOLYMERS
Feb-24 11:25:34.322 [main] DEBUG nextflow.processor.TaskProcessor - Starting process > DENOISE_AMPLICONS_2:MASK_LOW_COMPLEXITY_REGIONS:MASK_SEQUENCES
Feb-24 11:25:34.323 [main] DEBUG nextflow.processor.TaskProcessor - Starting process > DENOISE_AMPLICONS_2:BUILD_PSEUDOCIGAR
Feb-24 11:25:34.323 [main] DEBUG nextflow.processor.TaskProcessor - Starting process > BUILD_ALLELETABLE
Feb-24 11:25:34.323 [main] DEBUG nextflow.processor.TaskProcessor - Starting process > CALCULATE_ALLELE_FREQUENCIES
Feb-24 11:25:34.323 [main] DEBUG nextflow.processor.TaskProcessor - Starting process > QUALITY_CONTROL:PREPROCESS_COVERAGE
Feb-24 11:25:34.323 [main] DEBUG nextflow.processor.TaskProcessor - Starting process > QUALITY_CONTROL:POSTPROCESS_COVERAGE
Feb-24 11:25:34.324 [main] DEBUG nextflow.processor.TaskProcessor - Starting process > QUALITY_CONTROL:QUALITY_REPORT
Feb-24 11:25:34.324 [main] DEBUG nextflow.processor.TaskProcessor - Starting process > RESISTANCE_MARKER_MODULE:BUILD_RESISTANCE_TABLE
Feb-24 11:25:34.326 [main] DEBUG nextflow.script.ScriptRunner - Parsed script files:
  Script_cb642932e6ea7170: /Users/shodanbeats/Desktop/Job_Search_2025/ucsf_exercise/exercise_data/part2/mad4hatter/./workflows/../modules/local/dada2_analysis.nf
  Script_6d72a7b7b6515cf1: /Users/shodanbeats/Desktop/Job_Search_2025/ucsf_exercise/exercise_data/part2/mad4hatter/./workflows/./../subworkflows/local/prepare_reference_sequences.nf
  Script_8ce1dd294be03e66: /Users/shodanbeats/Desktop/Job_Search_2025/ucsf_exercise/exercise_data/part2/mad4hatter/./modules/local/build_alleletable.nf
  Script_0939489d2b60dccb: /Users/shodanbeats/Desktop/Job_Search_2025/ucsf_exercise/exercise_data/part2/mad4hatter/main.nf
  Script_03518da3e9a17ad6: /Users/shodanbeats/Desktop/Job_Search_2025/ucsf_exercise/exercise_data/part2/mad4hatter/./workflows/denoise_amplicons_1.nf
  Script_7c0cf1285338ed83: /Users/shodanbeats/Desktop/Job_Search_2025/ucsf_exercise/exercise_data/part2/mad4hatter/./workflows/./../modules/local/build_pseudocigar.nf
  Script_29f04e7eaee8085f: /Users/shodanbeats/Desktop/Job_Search_2025/ucsf_exercise/exercise_data/part2/mad4hatter/./workflows/postproc_only.nf
  Script_2969b5581bcce291: /Users/shodanbeats/Desktop/Job_Search_2025/ucsf_exercise/exercise_data/part2/mad4hatter/./workflows/../modules/local/filter_asvs.nf
  Script_33628284a5dee773: /Users/shodanbeats/Desktop/Job_Search_2025/ucsf_exercise/exercise_data/part2/mad4hatter/./workflows/../subworkflows/local/../../modules/local/mask_sequences.nf
  Script_0ba40c67984f7d85: /Users/shodanbeats/Desktop/Job_Search_2025/ucsf_exercise/exercise_data/part2/mad4hatter/./workflows/demultiplex_amplicons.nf
  Script_27824ec3e8f092f4: /Users/shodanbeats/Desktop/Job_Search_2025/ucsf_exercise/exercise_data/part2/mad4hatter/./workflows/resistance_marker_module.nf
  Script_ff3c393189ddf258: /Users/shodanbeats/Desktop/Job_Search_2025/ucsf_exercise/exercise_data/part2/mad4hatter/./workflows/./../modules/local/quality_report.nf
  Script_710d202fefaa7ce7: /Users/shodanbeats/Desktop/Job_Search_2025/ucsf_exercise/exercise_data/part2/mad4hatter/./workflows/../subworkflows/local/../../modules/local/mask_reference_tandem_repeats.nf
  Script_06f97765e524e282: /Users/shodanbeats/Desktop/Job_Search_2025/ucsf_exercise/exercise_data/part2/mad4hatter/./workflows/quality_control.nf
  Script_aca5639d6a0ba60c: /Users/shodanbeats/Desktop/Job_Search_2025/ucsf_exercise/exercise_data/part2/mad4hatter/./workflows/./../modules/local/cutadapt.nf
  Script_4dffc9c11609bb4e: /Users/shodanbeats/Desktop/Job_Search_2025/ucsf_exercise/exercise_data/part2/mad4hatter/./workflows/qc_only.nf
  Script_eadc7452433ae746: /Users/shodanbeats/Desktop/Job_Search_2025/ucsf_exercise/exercise_data/part2/mad4hatter/./workflows/../modules/local/align_to_reference.nf
  Script_7344ed897bb23252: /Users/shodanbeats/Desktop/Job_Search_2025/ucsf_exercise/exercise_data/part2/mad4hatter/./workflows/../subworkflows/local/../../modules/local/create_reference_from_genomes.nf
  Script_5a0f4f29626f5e5f: /Users/shodanbeats/Desktop/Job_Search_2025/ucsf_exercise/exercise_data/part2/mad4hatter/./workflows/./../modules/local/preprocess_coverage.nf
  Script_388d718c60be4f5f: /Users/shodanbeats/Desktop/Job_Search_2025/ucsf_exercise/exercise_data/part2/mad4hatter/./workflows/./denoise_amplicons_2.nf
  Script_b56963eb9675bd16: /Users/shodanbeats/Desktop/Job_Search_2025/ucsf_exercise/exercise_data/part2/mad4hatter/./workflows/./../modules/local/postprocess_coverage.nf
  Script_91165cbe55fed00d: /Users/shodanbeats/Desktop/Job_Search_2025/ucsf_exercise/exercise_data/part2/mad4hatter/./modules/local/calculate_allele_frequencies.nf
  Script_aa828b5b445e44ac: /Users/shodanbeats/Desktop/Job_Search_2025/ucsf_exercise/exercise_data/part2/mad4hatter/./workflows/../modules/local/create_primer_files.nf
  Script_4813cfae75d216b6: /Users/shodanbeats/Desktop/Job_Search_2025/ucsf_exercise/exercise_data/part2/mad4hatter/./workflows/./../modules/local/collapse_concatenated_reads.nf
  Script_0269039a11a06472: /Users/shodanbeats/Desktop/Job_Search_2025/ucsf_exercise/exercise_data/part2/mad4hatter/./workflows/../modules/local/build_resistance_table.nf
  Script_9a629f0bae10fac8: /Users/shodanbeats/Desktop/Job_Search_2025/ucsf_exercise/exercise_data/part2/mad4hatter/./workflows/./../subworkflows/local/mask_low_complexity_regions.nf
  Script_6c7371f6255e5d72: /Users/shodanbeats/Desktop/Job_Search_2025/ucsf_exercise/exercise_data/part2/mad4hatter/./workflows/../subworkflows/local/../../modules/local/mask_reference_homopolymers.nf
Feb-24 11:25:34.326 [main] DEBUG nextflow.script.ScriptRunner - > Awaiting termination 
Feb-24 11:25:34.326 [main] DEBUG nextflow.Session - Session await
Feb-24 11:25:34.451 [Task submitter] WARN  nextflow.container.DockerBuilder - Undocumented setting `docker.userEmulation` is not supported any more - please remove it from your config
Feb-24 11:25:34.471 [Task submitter] DEBUG n.executor.local.LocalTaskHandler - Launch cmd line: /bin/bash -ue .command.run
Feb-24 11:25:34.472 [Task submitter] INFO  nextflow.Session - [1a/aa528d] Submitted process > DENOISE_AMPLICONS_2:PREPARE_REFERENCE_SEQUENCES:CREATE_REFERENCE_FROM_GENOMES (1)
Feb-24 11:25:34.478 [Task submitter] DEBUG n.executor.local.LocalTaskHandler - Launch cmd line: /bin/bash -ue .command.run
Feb-24 11:25:34.478 [Task submitter] INFO  nextflow.Session - [1f/bed686] Submitted process > DEMULTIPLEX_AMPLICONS:CREATE_PRIMER_FILES
Feb-24 11:25:37.126 [Task monitor] DEBUG n.processor.TaskPollingMonitor - Task completed > TaskHandler[id: 1; name: DEMULTIPLEX_AMPLICONS:CREATE_PRIMER_FILES; status: COMPLETED; exit: 0; error: -; workDir: /Users/shodanbeats/Desktop/Job_Search_2025/ucsf_exercise/exercise_data/part2/mad4hatter/work/1f/bed6862166636a7c7c863a90520bf8]
Feb-24 11:25:37.126 [Task monitor] DEBUG nextflow.util.ThreadPoolBuilder - Creating thread pool 'TaskFinalizer' minSize=10; maxSize=30; workQueue=LinkedBlockingQueue[10000]; allowCoreThreadTimeout=false
Feb-24 11:25:37.155 [Task submitter] DEBUG n.executor.local.LocalTaskHandler - Launch cmd line: /bin/bash -ue .command.run
Feb-24 11:25:37.155 [Task submitter] INFO  nextflow.Session - [aa/a65c98] Submitted process > DEMULTIPLEX_AMPLICONS:CUTADAPT (7S1-10K-parasitedensity-0p25x-primerconcentration-allpools-ENV-PV4-replicate1_S1_L001)
Feb-24 11:25:52.960 [Task monitor] DEBUG n.processor.TaskPollingMonitor - Task completed > TaskHandler[id: 2; name: DENOISE_AMPLICONS_2:PREPARE_REFERENCE_SEQUENCES:CREATE_REFERENCE_FROM_GENOMES (1); status: COMPLETED; exit: 0; error: -; workDir: /Users/shodanbeats/Desktop/Job_Search_2025/ucsf_exercise/exercise_data/part2/mad4hatter/work/1a/aa528df9e6f77581c95af357552214]
Feb-24 11:25:52.972 [Task submitter] DEBUG n.executor.local.LocalTaskHandler - Launch cmd line: /bin/bash -ue .command.run
Feb-24 11:25:52.973 [Task submitter] INFO  nextflow.Session - [6f/045abc] Submitted process > DENOISE_AMPLICONS_2:MASK_LOW_COMPLEXITY_REGIONS:MASK_REFERENCE_TANDEM_REPEATS (1)
Feb-24 11:25:52.978 [Task submitter] DEBUG n.executor.local.LocalTaskHandler - Launch cmd line: /bin/bash -ue .command.run
Feb-24 11:25:52.981 [Task submitter] INFO  nextflow.Session - [33/e54514] Submitted process > DENOISE_AMPLICONS_2:MASK_LOW_COMPLEXITY_REGIONS:MASK_REFERENCE_HOMOPOLYMERS (1)
Feb-24 11:25:54.382 [Task monitor] DEBUG n.processor.TaskPollingMonitor - Task completed > TaskHandler[id: 4; name: DENOISE_AMPLICONS_2:MASK_LOW_COMPLEXITY_REGIONS:MASK_REFERENCE_TANDEM_REPEATS (1); status: COMPLETED; exit: 0; error: -; workDir: /Users/shodanbeats/Desktop/Job_Search_2025/ucsf_exercise/exercise_data/part2/mad4hatter/work/6f/045abcc8c748622f71f14941f0fd85]
Feb-24 11:26:09.841 [Task monitor] DEBUG n.processor.TaskPollingMonitor - Task completed > TaskHandler[id: 5; name: DENOISE_AMPLICONS_2:MASK_LOW_COMPLEXITY_REGIONS:MASK_REFERENCE_HOMOPOLYMERS (1); status: COMPLETED; exit: 0; error: -; workDir: /Users/shodanbeats/Desktop/Job_Search_2025/ucsf_exercise/exercise_data/part2/mad4hatter/work/33/e545144fc54e8eb2321d7d8d885fde]
Feb-24 11:26:14.285 [Task monitor] DEBUG n.processor.TaskPollingMonitor - Task completed > TaskHandler[id: 3; name: DEMULTIPLEX_AMPLICONS:CUTADAPT (7S1-10K-parasitedensity-0p25x-primerconcentration-allpools-ENV-PV4-replicate1_S1_L001); status: COMPLETED; exit: 0; error: -; workDir: /Users/shodanbeats/Desktop/Job_Search_2025/ucsf_exercise/exercise_data/part2/mad4hatter/work/aa/a65c98a756e88914c9aa33e8de944f]
Feb-24 11:26:14.307 [Task submitter] DEBUG n.executor.local.LocalTaskHandler - Launch cmd line: /bin/bash -ue .command.run
Feb-24 11:26:14.309 [Task submitter] INFO  nextflow.Session - [21/91943a] Submitted process > QUALITY_CONTROL:PREPROCESS_COVERAGE
Feb-24 11:26:14.325 [Task submitter] DEBUG n.executor.local.LocalTaskHandler - Launch cmd line: /bin/bash -ue .command.run
Feb-24 11:26:14.326 [Task submitter] INFO  nextflow.Session - [61/35a739] Submitted process > DENOISE_AMPLICONS_1:DADA2_ANALYSIS
Feb-24 11:26:15.206 [Task monitor] DEBUG n.processor.TaskPollingMonitor - Task completed > TaskHandler[id: 6; name: QUALITY_CONTROL:PREPROCESS_COVERAGE; status: COMPLETED; exit: 0; error: -; workDir: /Users/shodanbeats/Desktop/Job_Search_2025/ucsf_exercise/exercise_data/part2/mad4hatter/work/21/91943a06c293b284c1e3bfeaa672af]
Feb-24 11:27:47.694 [Task monitor] DEBUG n.processor.TaskPollingMonitor - Task completed > TaskHandler[id: 7; name: DENOISE_AMPLICONS_1:DADA2_ANALYSIS; status: COMPLETED; exit: 0; error: -; workDir: /Users/shodanbeats/Desktop/Job_Search_2025/ucsf_exercise/exercise_data/part2/mad4hatter/work/61/35a73954c7ec36bfb930ed6d21c527]
Feb-24 11:27:47.702 [Task submitter] WARN  nextflow.container.DockerBuilder - Undocumented setting `docker.userEmulation` is not supported any more - please remove it from your config
Feb-24 11:27:47.703 [TaskFinalizer-7] DEBUG nextflow.util.ThreadPoolBuilder - Creating thread pool 'PublishDir' minSize=10; maxSize=30; workQueue=LinkedBlockingQueue[10000]; allowCoreThreadTimeout=false
Feb-24 11:27:47.705 [Task submitter] DEBUG n.executor.local.LocalTaskHandler - Launch cmd line: /bin/bash -ue .command.run
Feb-24 11:27:47.705 [Task submitter] INFO  nextflow.Session - [9c/799126] Submitted process > DENOISE_AMPLICONS_2:COLLAPSE_CONCATENATED_READS
Feb-24 11:31:32.978 [Task monitor] DEBUG n.processor.TaskPollingMonitor - !! executor local > tasks to be completed: 1 -- submitted tasks are shown below
~> TaskHandler[id: 8; name: DENOISE_AMPLICONS_2:COLLAPSE_CONCATENATED_READS; status: RUNNING; exit: -; error: -; workDir: /Users/shodanbeats/Desktop/Job_Search_2025/ucsf_exercise/exercise_data/part2/mad4hatter/work/9c/799126461f4367a25b8e148618d90b]
Feb-24 11:31:38.525 [Task monitor] DEBUG n.processor.TaskPollingMonitor - Task completed > TaskHandler[id: 8; name: DENOISE_AMPLICONS_2:COLLAPSE_CONCATENATED_READS; status: COMPLETED; exit: 0; error: -; workDir: /Users/shodanbeats/Desktop/Job_Search_2025/ucsf_exercise/exercise_data/part2/mad4hatter/work/9c/799126461f4367a25b8e148618d90b]
Feb-24 11:31:38.534 [Task submitter] WARN  nextflow.container.DockerBuilder - Undocumented setting `docker.userEmulation` is not supported any more - please remove it from your config
Feb-24 11:31:38.538 [Task submitter] DEBUG n.executor.local.LocalTaskHandler - Launch cmd line: /bin/bash -ue .command.run
Feb-24 11:31:38.538 [Task submitter] INFO  nextflow.Session - [ca/096f7c] Submitted process > DENOISE_AMPLICONS_2:ALIGN_TO_REFERENCE (1)
Feb-24 11:31:56.215 [Task monitor] DEBUG n.processor.TaskPollingMonitor - Task completed > TaskHandler[id: 9; name: DENOISE_AMPLICONS_2:ALIGN_TO_REFERENCE (1); status: COMPLETED; exit: 0; error: -; workDir: /Users/shodanbeats/Desktop/Job_Search_2025/ucsf_exercise/exercise_data/part2/mad4hatter/work/ca/096f7c638458dd33473b32928f95d5]
Feb-24 11:31:56.231 [Task submitter] DEBUG n.executor.local.LocalTaskHandler - Launch cmd line: /bin/bash -ue .command.run
Feb-24 11:31:56.231 [Task submitter] INFO  nextflow.Session - [ac/7fe38b] Submitted process > DENOISE_AMPLICONS_2:FILTER_ASVS (1)
Feb-24 11:31:56.935 [Task monitor] DEBUG n.processor.TaskPollingMonitor - Task completed > TaskHandler[id: 10; name: DENOISE_AMPLICONS_2:FILTER_ASVS (1); status: COMPLETED; exit: 0; error: -; workDir: /Users/shodanbeats/Desktop/Job_Search_2025/ucsf_exercise/exercise_data/part2/mad4hatter/work/ac/7fe38b6309f71f6bde6bf016940fec]
Feb-24 11:31:56.954 [Task submitter] DEBUG n.executor.local.LocalTaskHandler - Launch cmd line: /bin/bash -ue .command.run
Feb-24 11:31:56.954 [Task submitter] INFO  nextflow.Session - [f7/dd87b4] Submitted process > DENOISE_AMPLICONS_2:MASK_LOW_COMPLEXITY_REGIONS:MASK_SEQUENCES (1)
Feb-24 11:32:05.316 [Task monitor] DEBUG n.processor.TaskPollingMonitor - Task completed > TaskHandler[id: 11; name: DENOISE_AMPLICONS_2:MASK_LOW_COMPLEXITY_REGIONS:MASK_SEQUENCES (1); status: COMPLETED; exit: 0; error: -; workDir: /Users/shodanbeats/Desktop/Job_Search_2025/ucsf_exercise/exercise_data/part2/mad4hatter/work/f7/dd87b494d4609b2c36f541a7d959e6]
Feb-24 11:32:05.328 [Task submitter] DEBUG n.executor.local.LocalTaskHandler - Launch cmd line: /bin/bash -ue .command.run
Feb-24 11:32:05.328 [Task submitter] INFO  nextflow.Session - [f5/d03256] Submitted process > DENOISE_AMPLICONS_2:BUILD_PSEUDOCIGAR (1)
Feb-24 11:32:12.041 [Task monitor] DEBUG n.processor.TaskPollingMonitor - Task completed > TaskHandler[id: 12; name: DENOISE_AMPLICONS_2:BUILD_PSEUDOCIGAR (1); status: COMPLETED; exit: 0; error: -; workDir: /Users/shodanbeats/Desktop/Job_Search_2025/ucsf_exercise/exercise_data/part2/mad4hatter/work/f5/d03256b6de30e1b5e7f91385f0b300]
Feb-24 11:32:12.055 [Task submitter] DEBUG n.executor.local.LocalTaskHandler - Launch cmd line: /bin/bash -ue .command.run
Feb-24 11:32:12.055 [Task submitter] INFO  nextflow.Session - [b2/494e71] Submitted process > BUILD_ALLELETABLE (1)
Feb-24 11:32:17.482 [Task monitor] DEBUG n.processor.TaskPollingMonitor - Task completed > TaskHandler[id: 13; name: BUILD_ALLELETABLE (1); status: COMPLETED; exit: 0; error: -; workDir: /Users/shodanbeats/Desktop/Job_Search_2025/ucsf_exercise/exercise_data/part2/mad4hatter/work/b2/494e716fa26d1f32074ff48410d7b2]
Feb-24 11:32:17.495 [Task submitter] DEBUG n.executor.local.LocalTaskHandler - Launch cmd line: /bin/bash -ue .command.run
Feb-24 11:32:17.495 [Task submitter] INFO  nextflow.Session - [83/fe34d9] Submitted process > CALCULATE_ALLELE_FREQUENCIES (Calculating allele frequencies)
Feb-24 11:32:17.516 [Task submitter] DEBUG n.executor.local.LocalTaskHandler - Launch cmd line: /bin/bash -ue .command.run
Feb-24 11:32:17.517 [Task submitter] INFO  nextflow.Session - [8c/4f5bcd] Submitted process > RESISTANCE_MARKER_MODULE:BUILD_RESISTANCE_TABLE (1)
Feb-24 11:32:17.521 [Task submitter] DEBUG n.executor.local.LocalTaskHandler - Launch cmd line: /bin/bash -ue .command.run
Feb-24 11:32:17.521 [Task submitter] INFO  nextflow.Session - [df/733774] Submitted process > QUALITY_CONTROL:POSTPROCESS_COVERAGE (1)
Feb-24 11:32:19.447 [Task monitor] DEBUG n.processor.TaskPollingMonitor - Task completed > TaskHandler[id: 14; name: CALCULATE_ALLELE_FREQUENCIES (Calculating allele frequencies); status: COMPLETED; exit: 0; error: -; workDir: /Users/shodanbeats/Desktop/Job_Search_2025/ucsf_exercise/exercise_data/part2/mad4hatter/work/83/fe34d97f29dcaee47daf2941c19723]
Feb-24 11:32:19.739 [Task monitor] DEBUG n.processor.TaskPollingMonitor - Task completed > TaskHandler[id: 15; name: RESISTANCE_MARKER_MODULE:BUILD_RESISTANCE_TABLE (1); status: COMPLETED; exit: 0; error: -; workDir: /Users/shodanbeats/Desktop/Job_Search_2025/ucsf_exercise/exercise_data/part2/mad4hatter/work/8c/4f5bcd439aeac13e47bac32adad48a]
Feb-24 11:32:23.824 [Task monitor] DEBUG n.processor.TaskPollingMonitor - Task completed > TaskHandler[id: 16; name: QUALITY_CONTROL:POSTPROCESS_COVERAGE (1); status: COMPLETED; exit: 0; error: -; workDir: /Users/shodanbeats/Desktop/Job_Search_2025/ucsf_exercise/exercise_data/part2/mad4hatter/work/df/73377435ca912be535efd9f48a6d48]
Feb-24 11:32:23.843 [Task submitter] DEBUG n.executor.local.LocalTaskHandler - Launch cmd line: /bin/bash -ue .command.run
Feb-24 11:32:23.843 [Task submitter] INFO  nextflow.Session - [8c/bbf8c0] Submitted process > QUALITY_CONTROL:QUALITY_REPORT (1)
Feb-24 11:32:30.138 [Task monitor] DEBUG n.processor.TaskPollingMonitor - Task completed > TaskHandler[id: 17; name: QUALITY_CONTROL:QUALITY_REPORT (1); status: COMPLETED; exit: 0; error: -; workDir: /Users/shodanbeats/Desktop/Job_Search_2025/ucsf_exercise/exercise_data/part2/mad4hatter/work/8c/bbf8c04646fc3a7bb56d99983fcd81]
Feb-24 11:32:30.143 [main] DEBUG nextflow.Session - Session await > all processes finished
Feb-24 11:32:30.242 [Task monitor] DEBUG n.processor.TaskPollingMonitor - <<< barrier arrives (monitor: local) - terminating tasks monitor poll loop
Feb-24 11:32:30.242 [main] DEBUG nextflow.Session - Session await > all barriers passed
Feb-24 11:32:30.245 [main] DEBUG nextflow.util.ThreadPoolManager - Thread pool 'TaskFinalizer' shutdown completed (hard=false)
Feb-24 11:32:30.246 [main] DEBUG nextflow.util.ThreadPoolManager - Thread pool 'PublishDir' shutdown completed (hard=false)
Feb-24 11:32:30.265 [main] DEBUG n.trace.WorkflowStatsObserver - Workflow completed > WorkflowStats[succeededCount=17; failedCount=0; ignoredCount=0; cachedCount=0; pendingCount=0; submittedCount=0; runningCount=0; retriesCount=0; abortedCount=0; succeedDuration=20m 13s; failedDuration=0ms; cachedDuration=0ms;loadCpus=0; loadMemory=0; peakRunning=3; peakCpus=7; peakMemory=18 GB; ]
Feb-24 11:32:30.392 [main] DEBUG nextflow.cache.CacheDB - Closing CacheDB done
Feb-24 11:32:30.408 [main] DEBUG nextflow.util.ThreadPoolManager - Thread pool 'FileTransfer' shutdown completed (hard=false)
Feb-24 11:32:30.408 [main] DEBUG nextflow.script.ScriptRunner - > Execution complete -- Goodbye
