WARNING: The requested image's platform (linux/amd64) does not match the detected host platform (linux/arm64/v8) and no specific platform was requested
── Attaching core tidyverse packages ──────────────────────── tidyverse 2.0.0 ──
✔ dplyr     1.1.4     ✔ readr     2.1.5
✔ forcats   1.0.0     ✔ stringr   1.5.1
✔ ggplot2   3.5.1     ✔ tibble    3.2.1
✔ lubridate 1.9.4     ✔ tidyr     1.3.1
✔ purrr     1.0.4     
── Conflicts ────────────────────────────────────────── tidyverse_conflicts() ──
✖ dplyr::filter() masks stats::filter()
✖ dplyr::lag()    masks stats::lag()
ℹ Use the conflicted package (<http://conflicted.r-lib.org/>) to force all conflicts to become errors
Loading required package: Rcpp
$ampliconFILE
[1] "v4_amplicon_info.tsv"

$band_size
[1] 16

$concat_non_overlaps
[1] TRUE

$cores
[1] 6

$maxEE
[1] 3

$omega_a
[1] 1e-120

$omega_c
[1] 1e-40

$pool
[1] "pseudo"

$self_consist
[1] FALSE

$trimmed_path
[1] "demultiplexed_fastqs1"

$use_quals
[1] "false"

  [1] "Pf3D7_01_v3-145388-145662-1A_7S1-10K-parasitedensity-0p25x-primerconcentration-allpools-ENV-PV4-replicate1_S1_L001_trimmed"     
  [2] "Pf3D7_01_v3-162867-163115-1A_7S1-10K-parasitedensity-0p25x-primerconcentration-allpools-ENV-PV4-replicate1_S1_L001_trimmed"     
  [3] "Pf3D7_01_v3-181512-181761-1A_7S1-10K-parasitedensity-0p25x-primerconcentration-allpools-ENV-PV4-replicate1_S1_L001_trimmed"     
  [4] "Pf3D7_01_v3-194742-194973-1B_7S1-10K-parasitedensity-0p25x-primerconcentration-allpools-ENV-PV4-replicate1_S1_L001_trimmed"     
  [5] "Pf3D7_01_v3-455794-456054-1A_7S1-10K-parasitedensity-0p25x-primerconcentration-allpools-ENV-PV4-replicate1_S1_L001_trimmed"     
  [6] "Pf3D7_01_v3-528859-529104-1A_7S1-10K-parasitedensity-0p25x-primerconcentration-allpools-ENV-PV4-replicate1_S1_L001_trimmed"     
  [7] "Pf3D7_01_v3-535965-536239-1A_7S1-10K-parasitedensity-0p25x-primerconcentration-allpools-ENV-PV4-replicate1_S1_L001_trimmed"     
  [8] "Pf3D7_02_v3-290580-290821-1A_7S1-10K-parasitedensity-0p25x-primerconcentration-allpools-ENV-PV4-replicate1_S1_L001_trimmed"     
  [9] "Pf3D7_02_v3-291770-292017-1A_7S1-10K-parasitedensity-0p25x-primerconcentration-allpools-ENV-PV4-replicate1_S1_L001_trimmed"     
 [10] "Pf3D7_02_v3-320652-320949-2_7S1-10K-parasitedensity-0p25x-primerconcentration-allpools-ENV-PV4-replicate1_S1_L001_trimmed"      
 [11] "Pf3D7_02_v3-470437-470709-1A_7S1-10K-parasitedensity-0p25x-primerconcentration-allpools-ENV-PV4-replicate1_S1_L001_trimmed"     
 [12] "Pf3D7_02_v3-503040-503288-1A_7S1-10K-parasitedensity-0p25x-primerconcentration-allpools-ENV-PV4-replicate1_S1_L001_trimmed"     
 [13] "Pf3D7_02_v3-628941-629172-1A_7S1-10K-parasitedensity-0p25x-primerconcentration-allpools-ENV-PV4-replicate1_S1_L001_trimmed"     
 [14] "Pf3D7_02_v3-630641-630907-1A_7S1-10K-parasitedensity-0p25x-primerconcentration-allpools-ENV-PV4-replicate1_S1_L001_trimmed"     
 [15] "Pf3D7_03_v3-221185-221419-1B_7S1-10K-parasitedensity-0p25x-primerconcentration-allpools-ENV-PV4-replicate1_S1_L001_trimmed"     
 [16] "Pf3D7_03_v3-221295-221532-2_7S1-10K-parasitedensity-0p25x-primerconcentration-allpools-ENV-PV4-replicate1_S1_L001_trimmed"      
 [17] "Pf3D7_03_v3-221463-221712-1B_7S1-10K-parasitedensity-0p25x-primerconcentration-allpools-ENV-PV4-replicate1_S1_L001_trimmed"     
 [18] "Pf3D7_03_v3-240957-241256-2_7S1-10K-parasitedensity-0p25x-primerconcentration-allpools-ENV-PV4-replicate1_S1_L001_trimmed"      
 [19] "Pf3D7_03_v3-515418-515657-1A_7S1-10K-parasitedensity-0p25x-primerconcentration-allpools-ENV-PV4-replicate1_S1_L001_trimmed"     
 [20] "Pf3D7_03_v3-653961-654206-1A_7S1-10K-parasitedensity-0p25x-primerconcentration-allpools-ENV-PV4-replicate1_S1_L001_trimmed"     
 [21] "Pf3D7_03_v3-85507-85756-1A_7S1-10K-parasitedensity-0p25x-primerconcentration-allpools-ENV-PV4-replicate1_S1_L001_trimmed"       
 [22] "Pf3D7_03_v3-855426-855697-1A_7S1-10K-parasitedensity-0p25x-primerconcentration-allpools-ENV-PV4-replicate1_S1_L001_trimmed"     
 [23] "Pf3D7_03_v3-891553-891827-1A_7S1-10K-parasitedensity-0p25x-primerconcentration-allpools-ENV-PV4-replicate1_S1_L001_trimmed"     
 [24] "Pf3D7_03_v3-980765-980997-1B_7S1-10K-parasitedensity-0p25x-primerconcentration-allpools-ENV-PV4-replicate1_S1_L001_trimmed"     
 [25] "Pf3D7_03_v3-980853-981120-2_7S1-10K-parasitedensity-0p25x-primerconcentration-allpools-ENV-PV4-replicate1_S1_L001_trimmed"      
 [26] "Pf3D7_03_v3-981574-981823-1B_7S1-10K-parasitedensity-0p25x-primerconcentration-allpools-ENV-PV4-replicate1_S1_L001_trimmed"     
 [27] "Pf3D7_03_v3-981921-982191-1B_7S1-10K-parasitedensity-0p25x-primerconcentration-allpools-ENV-PV4-replicate1_S1_L001_trimmed"     
 [28] "Pf3D7_03_v3-982299-982523-1B_7S1-10K-parasitedensity-0p25x-primerconcentration-allpools-ENV-PV4-replicate1_S1_L001_trimmed"     
 [29] "Pf3D7_04_v3-1005938-1006187-1A_7S1-10K-parasitedensity-0p25x-primerconcentration-allpools-ENV-PV4-replicate1_S1_L001_trimmed"   
 [30] "Pf3D7_04_v3-1037644-1037891-1A_7S1-10K-parasitedensity-0p25x-primerconcentration-allpools-ENV-PV4-replicate1_S1_L001_trimmed"   
 [31] "Pf3D7_04_v3-1077327-1077562-1B_7S1-10K-parasitedensity-0p25x-primerconcentration-allpools-ENV-PV4-replicate1_S1_L001_trimmed"   
 [32] "Pf3D7_04_v3-1082776-1083049-1B_7S1-10K-parasitedensity-0p25x-primerconcentration-allpools-ENV-PV4-replicate1_S1_L001_trimmed"   
 [33] "Pf3D7_04_v3-1083095-1083331-1B_7S1-10K-parasitedensity-0p25x-primerconcentration-allpools-ENV-PV4-replicate1_S1_L001_trimmed"   
 [34] "Pf3D7_04_v3-1083299-1083563-2_7S1-10K-parasitedensity-0p25x-primerconcentration-allpools-ENV-PV4-replicate1_S1_L001_trimmed"    
 [35] "Pf3D7_04_v3-1083411-1083668-1B_7S1-10K-parasitedensity-0p25x-primerconcentration-allpools-ENV-PV4-replicate1_S1_L001_trimmed"   
 [36] "Pf3D7_04_v3-109939-110184-1A_7S1-10K-parasitedensity-0p25x-primerconcentration-allpools-ENV-PV4-replicate1_S1_L001_trimmed"     
 [37] "Pf3D7_04_v3-1113397-1113639-1A_7S1-10K-parasitedensity-0p25x-primerconcentration-allpools-ENV-PV4-replicate1_S1_L001_trimmed"   
 [38] "Pf3D7_04_v3-115455-115684-1A_7S1-10K-parasitedensity-0p25x-primerconcentration-allpools-ENV-PV4-replicate1_S1_L001_trimmed"     
 [39] "Pf3D7_04_v3-133581-133830-1A_7S1-10K-parasitedensity-0p25x-primerconcentration-allpools-ENV-PV4-replicate1_S1_L001_trimmed"     
 [40] "Pf3D7_04_v3-133928-134154-1A_7S1-10K-parasitedensity-0p25x-primerconcentration-allpools-ENV-PV4-replicate1_S1_L001_trimmed"     
 [41] "Pf3D7_04_v3-140317-140548-1A_7S1-10K-parasitedensity-0p25x-primerconcentration-allpools-ENV-PV4-replicate1_S1_L001_trimmed"     
 [42] "Pf3D7_04_v3-141741-141990-1A_7S1-10K-parasitedensity-0p25x-primerconcentration-allpools-ENV-PV4-replicate1_S1_L001_trimmed"     
 [43] "Pf3D7_04_v3-284121-284364-1A_7S1-10K-parasitedensity-0p25x-primerconcentration-allpools-ENV-PV4-replicate1_S1_L001_trimmed"     
 [44] "Pf3D7_04_v3-316593-316858-1A_7S1-10K-parasitedensity-0p25x-primerconcentration-allpools-ENV-PV4-replicate1_S1_L001_trimmed"     
 [45] "Pf3D7_04_v3-544454-544718-1A_7S1-10K-parasitedensity-0p25x-primerconcentration-allpools-ENV-PV4-replicate1_S1_L001_trimmed"     
 [46] "Pf3D7_04_v3-648065-648332-1A_7S1-10K-parasitedensity-0p25x-primerconcentration-allpools-ENV-PV4-replicate1_S1_L001_trimmed"     
 [47] "Pf3D7_04_v3-748105-748359-1B_7S1-10K-parasitedensity-0p25x-primerconcentration-allpools-ENV-PV4-replicate1_S1_L001_trimmed"     
 [48] "Pf3D7_04_v3-748374-748611-1B_7S1-10K-parasitedensity-0p25x-primerconcentration-allpools-ENV-PV4-replicate1_S1_L001_trimmed"     
 [49] "Pf3D7_04_v3-748585-748822-2_7S1-10K-parasitedensity-0p25x-primerconcentration-allpools-ENV-PV4-replicate1_S1_L001_trimmed"      
 [50] "Pf3D7_04_v3-900526-900759-1A_7S1-10K-parasitedensity-0p25x-primerconcentration-allpools-ENV-PV4-replicate1_S1_L001_trimmed"     
 [51] "Pf3D7_05_v3-1188456-1188706-1A_7S1-10K-parasitedensity-0p25x-primerconcentration-allpools-ENV-PV4-replicate1_S1_L001_trimmed"   
 [52] "Pf3D7_05_v3-1322099-1322341-1A_7S1-10K-parasitedensity-0p25x-primerconcentration-allpools-ENV-PV4-replicate1_S1_L001_trimmed"   
 [53] "Pf3D7_05_v3-213027-213251-1A_7S1-10K-parasitedensity-0p25x-primerconcentration-allpools-ENV-PV4-replicate1_S1_L001_trimmed"     
 [54] "Pf3D7_05_v3-350808-351052-1A_7S1-10K-parasitedensity-0p25x-primerconcentration-allpools-ENV-PV4-replicate1_S1_L001_trimmed"     
 [55] "Pf3D7_05_v3-369676-369949-1A_7S1-10K-parasitedensity-0p25x-primerconcentration-allpools-ENV-PV4-replicate1_S1_L001_trimmed"     
 [56] "Pf3D7_05_v3-395887-396136-1A_7S1-10K-parasitedensity-0p25x-primerconcentration-allpools-ENV-PV4-replicate1_S1_L001_trimmed"     
 [57] "Pf3D7_05_v3-550803-551072-1A_7S1-10K-parasitedensity-0p25x-primerconcentration-allpools-ENV-PV4-replicate1_S1_L001_trimmed"     
 [58] "Pf3D7_05_v3-615379-615678-2_7S1-10K-parasitedensity-0p25x-primerconcentration-allpools-ENV-PV4-replicate1_S1_L001_trimmed"      
 [59] "Pf3D7_05_v3-641131-641404-1A_7S1-10K-parasitedensity-0p25x-primerconcentration-allpools-ENV-PV4-replicate1_S1_L001_trimmed"     
 [60] "Pf3D7_05_v3-668763-669004-1A_7S1-10K-parasitedensity-0p25x-primerconcentration-allpools-ENV-PV4-replicate1_S1_L001_trimmed"     
 [61] "Pf3D7_05_v3-796518-796759-1A_7S1-10K-parasitedensity-0p25x-primerconcentration-allpools-ENV-PV4-replicate1_S1_L001_trimmed"     
 [62] "Pf3D7_05_v3-958079-958350-1B_7S1-10K-parasitedensity-0p25x-primerconcentration-allpools-ENV-PV4-replicate1_S1_L001_trimmed"     
 [63] "Pf3D7_05_v3-958372-958608-1B_7S1-10K-parasitedensity-0p25x-primerconcentration-allpools-ENV-PV4-replicate1_S1_L001_trimmed"     
 [64] "Pf3D7_05_v3-958920-959168-1B_7S1-10K-parasitedensity-0p25x-primerconcentration-allpools-ENV-PV4-replicate1_S1_L001_trimmed"     
 [65] "Pf3D7_05_v3-960810-961048-1B_7S1-10K-parasitedensity-0p25x-primerconcentration-allpools-ENV-PV4-replicate1_S1_L001_trimmed"     
 [66] "Pf3D7_05_v3-961511-961758-1B_7S1-10K-parasitedensity-0p25x-primerconcentration-allpools-ENV-PV4-replicate1_S1_L001_trimmed"     
 [67] "Pf3D7_06_v3-1115900-1116168-1A_7S1-10K-parasitedensity-0p25x-primerconcentration-allpools-ENV-PV4-replicate1_S1_L001_trimmed"   
 [68] "Pf3D7_06_v3-1128558-1128797-1A_7S1-10K-parasitedensity-0p25x-primerconcentration-allpools-ENV-PV4-replicate1_S1_L001_trimmed"   
 [69] "Pf3D7_06_v3-1135605-1135855-1A_7S1-10K-parasitedensity-0p25x-primerconcentration-allpools-ENV-PV4-replicate1_S1_L001_trimmed"   
 [70] "Pf3D7_06_v3-1136091-1136364-1A_7S1-10K-parasitedensity-0p25x-primerconcentration-allpools-ENV-PV4-replicate1_S1_L001_trimmed"   
 [71] "Pf3D7_06_v3-1140900-1141174-1A_7S1-10K-parasitedensity-0p25x-primerconcentration-allpools-ENV-PV4-replicate1_S1_L001_trimmed"   
 [72] "Pf3D7_06_v3-1192628-1192867-1A_7S1-10K-parasitedensity-0p25x-primerconcentration-allpools-ENV-PV4-replicate1_S1_L001_trimmed"   
 [73] "Pf3D7_06_v3-1197245-1197515-1A_7S1-10K-parasitedensity-0p25x-primerconcentration-allpools-ENV-PV4-replicate1_S1_L001_trimmed"   
 [74] "Pf3D7_06_v3-1214815-1215069-1B_7S1-10K-parasitedensity-0p25x-primerconcentration-allpools-ENV-PV4-replicate1_S1_L001_trimmed"   
 [75] "Pf3D7_06_v3-1215236-1215502-1B_7S1-10K-parasitedensity-0p25x-primerconcentration-allpools-ENV-PV4-replicate1_S1_L001_trimmed"   
 [76] "Pf3D7_06_v3-1215495-1215756-1B_7S1-10K-parasitedensity-0p25x-primerconcentration-allpools-ENV-PV4-replicate1_S1_L001_trimmed"   
 [77] "Pf3D7_06_v3-1235395-1235658-1A_7S1-10K-parasitedensity-0p25x-primerconcentration-allpools-ENV-PV4-replicate1_S1_L001_trimmed"   
 [78] "Pf3D7_06_v3-1282656-1282930-1A_7S1-10K-parasitedensity-0p25x-primerconcentration-allpools-ENV-PV4-replicate1_S1_L001_trimmed"   
 [79] "Pf3D7_06_v3-145285-145531-1A_7S1-10K-parasitedensity-0p25x-primerconcentration-allpools-ENV-PV4-replicate1_S1_L001_trimmed"     
 [80] "Pf3D7_06_v3-176108-176338-1A_7S1-10K-parasitedensity-0p25x-primerconcentration-allpools-ENV-PV4-replicate1_S1_L001_trimmed"     
 [81] "Pf3D7_06_v3-416462-416720-1A_7S1-10K-parasitedensity-0p25x-primerconcentration-allpools-ENV-PV4-replicate1_S1_L001_trimmed"     
 [82] "Pf3D7_06_v3-532166-532407-1A_7S1-10K-parasitedensity-0p25x-primerconcentration-allpools-ENV-PV4-replicate1_S1_L001_trimmed"     
 [83] "Pf3D7_06_v3-851492-851765-1A_7S1-10K-parasitedensity-0p25x-primerconcentration-allpools-ENV-PV4-replicate1_S1_L001_trimmed"     
 [84] "Pf3D7_06_v3-857454-857753-2_7S1-10K-parasitedensity-0p25x-primerconcentration-allpools-ENV-PV4-replicate1_S1_L001_trimmed"      
 [85] "Pf3D7_07_v3-1028330-1028603-1A_7S1-10K-parasitedensity-0p25x-primerconcentration-allpools-ENV-PV4-replicate1_S1_L001_trimmed"   
 [86] "Pf3D7_07_v3-1043981-1044225-1A_7S1-10K-parasitedensity-0p25x-primerconcentration-allpools-ENV-PV4-replicate1_S1_L001_trimmed"   
 [87] "Pf3D7_07_v3-105172-105442-1A_7S1-10K-parasitedensity-0p25x-primerconcentration-allpools-ENV-PV4-replicate1_S1_L001_trimmed"     
 [88] "Pf3D7_07_v3-1066661-1066903-1A_7S1-10K-parasitedensity-0p25x-primerconcentration-allpools-ENV-PV4-replicate1_S1_L001_trimmed"   
 [89] "Pf3D7_07_v3-1149367-1149613-1A_7S1-10K-parasitedensity-0p25x-primerconcentration-allpools-ENV-PV4-replicate1_S1_L001_trimmed"   
 [90] "Pf3D7_07_v3-403479-403716-1B_7S1-10K-parasitedensity-0p25x-primerconcentration-allpools-ENV-PV4-replicate1_S1_L001_trimmed"     
 [91] "Pf3D7_07_v3-403487-403750-2_7S1-10K-parasitedensity-0p25x-primerconcentration-allpools-ENV-PV4-replicate1_S1_L001_trimmed"      
 [92] "Pf3D7_07_v3-403801-404052-1B_7S1-10K-parasitedensity-0p25x-primerconcentration-allpools-ENV-PV4-replicate1_S1_L001_trimmed"     
 [93] "Pf3D7_07_v3-404325-404590-1B_7S1-10K-parasitedensity-0p25x-primerconcentration-allpools-ENV-PV4-replicate1_S1_L001_trimmed"     
 [94] "Pf3D7_07_v3-404776-405006-1B_7S1-10K-parasitedensity-0p25x-primerconcentration-allpools-ENV-PV4-replicate1_S1_L001_trimmed"     
 [95] "Pf3D7_07_v3-405334-405576-1B_7S1-10K-parasitedensity-0p25x-primerconcentration-allpools-ENV-PV4-replicate1_S1_L001_trimmed"     
 [96] "Pf3D7_07_v3-405517-405773-2_7S1-10K-parasitedensity-0p25x-primerconcentration-allpools-ENV-PV4-replicate1_S1_L001_trimmed"      
 [97] "Pf3D7_07_v3-405570-405844-1B_7S1-10K-parasitedensity-0p25x-primerconcentration-allpools-ENV-PV4-replicate1_S1_L001_trimmed"     
 [98] "Pf3D7_07_v3-432832-433091-1A_7S1-10K-parasitedensity-0p25x-primerconcentration-allpools-ENV-PV4-replicate1_S1_L001_trimmed"     
 [99] "Pf3D7_07_v3-475313-475545-1A_7S1-10K-parasitedensity-0p25x-primerconcentration-allpools-ENV-PV4-replicate1_S1_L001_trimmed"     
[100] "Pf3D7_07_v3-627351-627625-1A_7S1-10K-parasitedensity-0p25x-primerconcentration-allpools-ENV-PV4-replicate1_S1_L001_trimmed"     
[101] "Pf3D7_07_v3-717260-717493-1A_7S1-10K-parasitedensity-0p25x-primerconcentration-allpools-ENV-PV4-replicate1_S1_L001_trimmed"     
[102] "Pf3D7_07_v3-729480-729750-1A_7S1-10K-parasitedensity-0p25x-primerconcentration-allpools-ENV-PV4-replicate1_S1_L001_trimmed"     
[103] "Pf3D7_07_v3-896613-896849-1B_7S1-10K-parasitedensity-0p25x-primerconcentration-allpools-ENV-PV4-replicate1_S1_L001_trimmed"     
[104] "Pf3D7_08_v3-102277-102527-1A_7S1-10K-parasitedensity-0p25x-primerconcentration-allpools-ENV-PV4-replicate1_S1_L001_trimmed"     
[105] "Pf3D7_08_v3-1056678-1056903-1A_7S1-10K-parasitedensity-0p25x-primerconcentration-allpools-ENV-PV4-replicate1_S1_L001_trimmed"   
[106] "Pf3D7_08_v3-1099719-1099977-1A_7S1-10K-parasitedensity-0p25x-primerconcentration-allpools-ENV-PV4-replicate1_S1_L001_trimmed"   
[107] "Pf3D7_08_v3-1176313-1176549-1A_7S1-10K-parasitedensity-0p25x-primerconcentration-allpools-ENV-PV4-replicate1_S1_L001_trimmed"   
[108] "Pf3D7_08_v3-1313088-1313338-1A_7S1-10K-parasitedensity-0p25x-primerconcentration-allpools-ENV-PV4-replicate1_S1_L001_trimmed"   
[109] "Pf3D7_08_v3-1314717-1314986-1A_7S1-10K-parasitedensity-0p25x-primerconcentration-allpools-ENV-PV4-replicate1_S1_L001_trimmed"   
[110] "Pf3D7_08_v3-1344618-1344845-1A_7S1-10K-parasitedensity-0p25x-primerconcentration-allpools-ENV-PV4-replicate1_S1_L001_trimmed"   
[111] "Pf3D7_08_v3-1365709-1365954-1B_7S1-10K-parasitedensity-0p25x-primerconcentration-allpools-ENV-PV4-replicate1_S1_L001_trimmed"   
[112] "Pf3D7_08_v3-1365750-1365999-2_7S1-10K-parasitedensity-0p25x-primerconcentration-allpools-ENV-PV4-replicate1_S1_L001_trimmed"    
[113] "Pf3D7_08_v3-1366575-1366822-2_7S1-10K-parasitedensity-0p25x-primerconcentration-allpools-ENV-PV4-replicate1_S1_L001_trimmed"    
[114] "Pf3D7_08_v3-1366626-1366856-1B_7S1-10K-parasitedensity-0p25x-primerconcentration-allpools-ENV-PV4-replicate1_S1_L001_trimmed"   
[115] "Pf3D7_08_v3-1370603-1370853-1B_7S1-10K-parasitedensity-0p25x-primerconcentration-allpools-ENV-PV4-replicate1_S1_L001_trimmed"   
[116] "Pf3D7_08_v3-1370814-1371045-2_7S1-10K-parasitedensity-0p25x-primerconcentration-allpools-ENV-PV4-replicate1_S1_L001_trimmed"    
[117] "Pf3D7_08_v3-1375025-1375284-1B_7S1-10K-parasitedensity-0p25x-primerconcentration-allpools-ENV-PV4-replicate1_S1_L001_trimmed"   
[118] "Pf3D7_08_v3-1375205-1375450-2_7S1-10K-parasitedensity-0p25x-primerconcentration-allpools-ENV-PV4-replicate1_S1_L001_trimmed"    
[119] "Pf3D7_08_v3-1386786-1387035-2_7S1-10K-parasitedensity-0p25x-primerconcentration-allpools-ENV-PV4-replicate1_S1_L001_trimmed"    
[120] "Pf3D7_08_v3-1386795-1387043-1B_7S1-10K-parasitedensity-0p25x-primerconcentration-allpools-ENV-PV4-replicate1_S1_L001_trimmed"   
[121] "Pf3D7_08_v3-336421-336651-1A_7S1-10K-parasitedensity-0p25x-primerconcentration-allpools-ENV-PV4-replicate1_S1_L001_trimmed"     
[122] "Pf3D7_08_v3-399693-399961-1A_7S1-10K-parasitedensity-0p25x-primerconcentration-allpools-ENV-PV4-replicate1_S1_L001_trimmed"     
[123] "Pf3D7_08_v3-412801-413062-1A_7S1-10K-parasitedensity-0p25x-primerconcentration-allpools-ENV-PV4-replicate1_S1_L001_trimmed"     
[124] "Pf3D7_08_v3-476232-476475-1A_7S1-10K-parasitedensity-0p25x-primerconcentration-allpools-ENV-PV4-replicate1_S1_L001_trimmed"     
[125] "Pf3D7_08_v3-549583-549807-1B_7S1-10K-parasitedensity-0p25x-primerconcentration-allpools-ENV-PV4-replicate1_S1_L001_trimmed"     
[126] "Pf3D7_08_v3-549960-550215-1B_7S1-10K-parasitedensity-0p25x-primerconcentration-allpools-ENV-PV4-replicate1_S1_L001_trimmed"     
[127] "Pf3D7_08_v3-550057-550318-2_7S1-10K-parasitedensity-0p25x-primerconcentration-allpools-ENV-PV4-replicate1_S1_L001_trimmed"      
[128] "Pf3D7_08_v3-585331-585590-1A_7S1-10K-parasitedensity-0p25x-primerconcentration-allpools-ENV-PV4-replicate1_S1_L001_trimmed"     
[129] "Pf3D7_08_v3-585703-585949-1A_7S1-10K-parasitedensity-0p25x-primerconcentration-allpools-ENV-PV4-replicate1_S1_L001_trimmed"     
[130] "Pf3D7_08_v3-585993-586266-1A_7S1-10K-parasitedensity-0p25x-primerconcentration-allpools-ENV-PV4-replicate1_S1_L001_trimmed"     
[131] "Pf3D7_09_v3-1015103-1015350-1A_7S1-10K-parasitedensity-0p25x-primerconcentration-allpools-ENV-PV4-replicate1_S1_L001_trimmed"   
[132] "Pf3D7_09_v3-1406342-1406614-1A_7S1-10K-parasitedensity-0p25x-primerconcentration-allpools-ENV-PV4-replicate1_S1_L001_trimmed"   
[133] "Pf3D7_09_v3-163813-164052-1A_7S1-10K-parasitedensity-0p25x-primerconcentration-allpools-ENV-PV4-replicate1_S1_L001_trimmed"     
[134] "Pf3D7_09_v3-164045-164311-1A_7S1-10K-parasitedensity-0p25x-primerconcentration-allpools-ENV-PV4-replicate1_S1_L001_trimmed"     
[135] "Pf3D7_09_v3-202854-203106-1A_7S1-10K-parasitedensity-0p25x-primerconcentration-allpools-ENV-PV4-replicate1_S1_L001_trimmed"     
[136] "Pf3D7_09_v3-270915-271160-1A_7S1-10K-parasitedensity-0p25x-primerconcentration-allpools-ENV-PV4-replicate1_S1_L001_trimmed"     
[137] "Pf3D7_09_v3-516735-517007-1A_7S1-10K-parasitedensity-0p25x-primerconcentration-allpools-ENV-PV4-replicate1_S1_L001_trimmed"     
[138] "Pf3D7_09_v3-595828-596094-1A_7S1-10K-parasitedensity-0p25x-primerconcentration-allpools-ENV-PV4-replicate1_S1_L001_trimmed"     
[139] "Pf3D7_09_v3-685560-685825-1A_7S1-10K-parasitedensity-0p25x-primerconcentration-allpools-ENV-PV4-replicate1_S1_L001_trimmed"     
[140] "Pf3D7_09_v3-82006-82236-1A_7S1-10K-parasitedensity-0p25x-primerconcentration-allpools-ENV-PV4-replicate1_S1_L001_trimmed"       
[141] "Pf3D7_10_v3-1386657-1386909-1A_7S1-10K-parasitedensity-0p25x-primerconcentration-allpools-ENV-PV4-replicate1_S1_L001_trimmed"   
[142] "Pf3D7_10_v3-1392371-1392620-1A_7S1-10K-parasitedensity-0p25x-primerconcentration-allpools-ENV-PV4-replicate1_S1_L001_trimmed"   
[143] "Pf3D7_10_v3-1414337-1414596-1A_7S1-10K-parasitedensity-0p25x-primerconcentration-allpools-ENV-PV4-replicate1_S1_L001_trimmed"   
[144] "Pf3D7_10_v3-1414599-1414832-1A_7S1-10K-parasitedensity-0p25x-primerconcentration-allpools-ENV-PV4-replicate1_S1_L001_trimmed"   
[145] "Pf3D7_10_v3-490605-490877-1B_7S1-10K-parasitedensity-0p25x-primerconcentration-allpools-ENV-PV4-replicate1_S1_L001_trimmed"     
[146] "Pf3D7_10_v3-992331-992603-1A_7S1-10K-parasitedensity-0p25x-primerconcentration-allpools-ENV-PV4-replicate1_S1_L001_trimmed"     
[147] "Pf3D7_10_v3-992596-992869-1A_7S1-10K-parasitedensity-0p25x-primerconcentration-allpools-ENV-PV4-replicate1_S1_L001_trimmed"     
[148] "Pf3D7_11_v3-1006693-1006917-1A_7S1-10K-parasitedensity-0p25x-primerconcentration-allpools-ENV-PV4-replicate1_S1_L001_trimmed"   
[149] "Pf3D7_11_v3-1018781-1019053-1A_7S1-10K-parasitedensity-0p25x-primerconcentration-allpools-ENV-PV4-replicate1_S1_L001_trimmed"   
[150] "Pf3D7_11_v3-1019050-1019319-1A_7S1-10K-parasitedensity-0p25x-primerconcentration-allpools-ENV-PV4-replicate1_S1_L001_trimmed"   
[151] "Pf3D7_11_v3-1127074-1127316-1A_7S1-10K-parasitedensity-0p25x-primerconcentration-allpools-ENV-PV4-replicate1_S1_L001_trimmed"   
[152] "Pf3D7_11_v3-115913-116184-1A_7S1-10K-parasitedensity-0p25x-primerconcentration-allpools-ENV-PV4-replicate1_S1_L001_trimmed"     
[153] "Pf3D7_11_v3-119432-119705-1A_7S1-10K-parasitedensity-0p25x-primerconcentration-allpools-ENV-PV4-replicate1_S1_L001_trimmed"     
[154] "Pf3D7_11_v3-1293919-1294168-1A_7S1-10K-parasitedensity-0p25x-primerconcentration-allpools-ENV-PV4-replicate1_S1_L001_trimmed"   
[155] "Pf3D7_11_v3-1294284-1294580-1B_7S1-10K-parasitedensity-0p25x-primerconcentration-allpools-ENV-PV4-replicate1_S1_L001_trimmed"   
[156] "Pf3D7_11_v3-1294664-1294910-1A_7S1-10K-parasitedensity-0p25x-primerconcentration-allpools-ENV-PV4-replicate1_S1_L001_trimmed"   
[157] "Pf3D7_11_v3-1295103-1295335-1A_7S1-10K-parasitedensity-0p25x-primerconcentration-allpools-ENV-PV4-replicate1_S1_L001_trimmed"   
[158] "Pf3D7_11_v3-1295371-1295597-1A_7S1-10K-parasitedensity-0p25x-primerconcentration-allpools-ENV-PV4-replicate1_S1_L001_trimmed"   
[159] "Pf3D7_11_v3-1374917-1375148-1A_7S1-10K-parasitedensity-0p25x-primerconcentration-allpools-ENV-PV4-replicate1_S1_L001_trimmed"   
[160] "Pf3D7_11_v3-1375807-1376056-1A_7S1-10K-parasitedensity-0p25x-primerconcentration-allpools-ENV-PV4-replicate1_S1_L001_trimmed"   
[161] "Pf3D7_11_v3-1376058-1376305-1A_7S1-10K-parasitedensity-0p25x-primerconcentration-allpools-ENV-PV4-replicate1_S1_L001_trimmed"   
[162] "Pf3D7_11_v3-1816152-1816378-1A_7S1-10K-parasitedensity-0p25x-primerconcentration-allpools-ENV-PV4-replicate1_S1_L001_trimmed"   
[163] "Pf3D7_11_v3-1902034-1902278-1B_7S1-10K-parasitedensity-0p25x-primerconcentration-allpools-ENV-PV4-replicate1_S1_L001_trimmed"   
[164] "Pf3D7_11_v3-1902041-1902278-2_7S1-10K-parasitedensity-0p25x-primerconcentration-allpools-ENV-PV4-replicate1_S1_L001_trimmed"    
[165] "Pf3D7_11_v3-1934962-1935236-1A_7S1-10K-parasitedensity-0p25x-primerconcentration-allpools-ENV-PV4-replicate1_S1_L001_trimmed"   
[166] "Pf3D7_11_v3-1950401-1950636-1B_7S1-10K-parasitedensity-0p25x-primerconcentration-allpools-ENV-PV4-replicate1_S1_L001_trimmed"   
[167] "Pf3D7_11_v3-1950431-1950680-2_7S1-10K-parasitedensity-0p25x-primerconcentration-allpools-ENV-PV4-replicate1_S1_L001_trimmed"    
[168] "Pf3D7_11_v3-1968031-1968273-1B_7S1-10K-parasitedensity-0p25x-primerconcentration-allpools-ENV-PV4-replicate1_S1_L001_trimmed"   
[169] "Pf3D7_11_v3-1968050-1968296-2_7S1-10K-parasitedensity-0p25x-primerconcentration-allpools-ENV-PV4-replicate1_S1_L001_trimmed"    
[170] "Pf3D7_11_v3-2001721-2001954-1B_7S1-10K-parasitedensity-0p25x-primerconcentration-allpools-ENV-PV4-replicate1_S1_L001_trimmed"   
[171] "Pf3D7_11_v3-2001725-2001999-2_7S1-10K-parasitedensity-0p25x-primerconcentration-allpools-ENV-PV4-replicate1_S1_L001_trimmed"    
[172] "Pf3D7_11_v3-2001969-2002222-1B_7S1-10K-parasitedensity-0p25x-primerconcentration-allpools-ENV-PV4-replicate1_S1_L001_trimmed"   
[173] "Pf3D7_11_v3-408285-408534-1A_7S1-10K-parasitedensity-0p25x-primerconcentration-allpools-ENV-PV4-replicate1_S1_L001_trimmed"     
[174] "Pf3D7_11_v3-408543-408771-1A_7S1-10K-parasitedensity-0p25x-primerconcentration-allpools-ENV-PV4-replicate1_S1_L001_trimmed"     
[175] "Pf3D7_11_v3-497277-497548-1A_7S1-10K-parasitedensity-0p25x-primerconcentration-allpools-ENV-PV4-replicate1_S1_L001_trimmed"     
[176] "Pf3D7_12_v3-1959644-1959891-1A_7S1-10K-parasitedensity-0p25x-primerconcentration-allpools-ENV-PV4-replicate1_S1_L001_trimmed"   
[177] "Pf3D7_12_v3-2092529-2092798-1B_7S1-10K-parasitedensity-0p25x-primerconcentration-allpools-ENV-PV4-replicate1_S1_L001_trimmed"   
[178] "Pf3D7_12_v3-2092654-2092884-2_7S1-10K-parasitedensity-0p25x-primerconcentration-allpools-ENV-PV4-replicate1_S1_L001_trimmed"    
[179] "Pf3D7_12_v3-233418-233671-1A_7S1-10K-parasitedensity-0p25x-primerconcentration-allpools-ENV-PV4-replicate1_S1_L001_trimmed"     
[180] "Pf3D7_12_v3-529495-529767-1A_7S1-10K-parasitedensity-0p25x-primerconcentration-allpools-ENV-PV4-replicate1_S1_L001_trimmed"     
[181] "Pf3D7_12_v3-63081-63314-1A_7S1-10K-parasitedensity-0p25x-primerconcentration-allpools-ENV-PV4-replicate1_S1_L001_trimmed"       
[182] "Pf3D7_12_v3-659881-660127-1A_7S1-10K-parasitedensity-0p25x-primerconcentration-allpools-ENV-PV4-replicate1_S1_L001_trimmed"     
[183] "Pf3D7_12_v3-684011-684240-1A_7S1-10K-parasitedensity-0p25x-primerconcentration-allpools-ENV-PV4-replicate1_S1_L001_trimmed"     
[184] "Pf3D7_12_v3-857050-857323-1A_7S1-10K-parasitedensity-0p25x-primerconcentration-allpools-ENV-PV4-replicate1_S1_L001_trimmed"     
[185] "Pf3D7_13_v3-1004740-1005002-1A_7S1-10K-parasitedensity-0p25x-primerconcentration-allpools-ENV-PV4-replicate1_S1_L001_trimmed"   
[186] "Pf3D7_13_v3-1041593-1041860-1AB_7S1-10K-parasitedensity-0p25x-primerconcentration-allpools-ENV-PV4-replicate1_S1_L001_trimmed"  
[187] "Pf3D7_13_v3-1146764-1147010-1A_7S1-10K-parasitedensity-0p25x-primerconcentration-allpools-ENV-PV4-replicate1_S1_L001_trimmed"   
[188] "Pf3D7_13_v3-1233093-1233332-1A_7S1-10K-parasitedensity-0p25x-primerconcentration-allpools-ENV-PV4-replicate1_S1_L001_trimmed"   
[189] "Pf3D7_13_v3-1265494-1265726-1A_7S1-10K-parasitedensity-0p25x-primerconcentration-allpools-ENV-PV4-replicate1_S1_L001_trimmed"   
[190] "Pf3D7_13_v3-1350855-1351093-1A_7S1-10K-parasitedensity-0p25x-primerconcentration-allpools-ENV-PV4-replicate1_S1_L001_trimmed"   
[191] "Pf3D7_13_v3-1406713-1406975-1A_7S1-10K-parasitedensity-0p25x-primerconcentration-allpools-ENV-PV4-replicate1_S1_L001_trimmed"   
[192] "Pf3D7_13_v3-1419363-1419626-1A_7S1-10K-parasitedensity-0p25x-primerconcentration-allpools-ENV-PV4-replicate1_S1_L001_trimmed"   
[193] "Pf3D7_13_v3-1465010-1465307-1B_7S1-10K-parasitedensity-0p25x-primerconcentration-allpools-ENV-PV4-replicate1_S1_L001_trimmed"   
[194] "Pf3D7_13_v3-1465616-1465890-1A_7S1-10K-parasitedensity-0p25x-primerconcentration-allpools-ENV-PV4-replicate1_S1_L001_trimmed"   
[195] "Pf3D7_13_v3-1465901-1466157-1A_7S1-10K-parasitedensity-0p25x-primerconcentration-allpools-ENV-PV4-replicate1_S1_L001_trimmed"   
[196] "Pf3D7_13_v3-146695-146934-1A_7S1-10K-parasitedensity-0p25x-primerconcentration-allpools-ENV-PV4-replicate1_S1_L001_trimmed"     
[197] "Pf3D7_13_v3-156456-156685-1A_7S1-10K-parasitedensity-0p25x-primerconcentration-allpools-ENV-PV4-replicate1_S1_L001_trimmed"     
[198] "Pf3D7_13_v3-156713-156986-1A_7S1-10K-parasitedensity-0p25x-primerconcentration-allpools-ENV-PV4-replicate1_S1_L001_trimmed"     
[199] "Pf3D7_13_v3-1724895-1725166-1B_7S1-10K-parasitedensity-0p25x-primerconcentration-allpools-ENV-PV4-replicate1_S1_L001_trimmed"   
[200] "Pf3D7_13_v3-1725124-1725365-2_7S1-10K-parasitedensity-0p25x-primerconcentration-allpools-ENV-PV4-replicate1_S1_L001_trimmed"    
[201] "Pf3D7_13_v3-1725208-1725471-1B_7S1-10K-parasitedensity-0p25x-primerconcentration-allpools-ENV-PV4-replicate1_S1_L001_trimmed"   
[202] "Pf3D7_13_v3-1725379-1725652-2_7S1-10K-parasitedensity-0p25x-primerconcentration-allpools-ENV-PV4-replicate1_S1_L001_trimmed"    
[203] "Pf3D7_13_v3-1725464-1725719-1B_7S1-10K-parasitedensity-0p25x-primerconcentration-allpools-ENV-PV4-replicate1_S1_L001_trimmed"   
[204] "Pf3D7_13_v3-1725713-1725955-1B_7S1-10K-parasitedensity-0p25x-primerconcentration-allpools-ENV-PV4-replicate1_S1_L001_trimmed"   
[205] "Pf3D7_13_v3-1725887-1726123-2_7S1-10K-parasitedensity-0p25x-primerconcentration-allpools-ENV-PV4-replicate1_S1_L001_trimmed"    
[206] "Pf3D7_13_v3-1726057-1726304-1B_7S1-10K-parasitedensity-0p25x-primerconcentration-allpools-ENV-PV4-replicate1_S1_L001_trimmed"   
[207] "Pf3D7_13_v3-1726174-1726408-2_7S1-10K-parasitedensity-0p25x-primerconcentration-allpools-ENV-PV4-replicate1_S1_L001_trimmed"    
[208] "Pf3D7_13_v3-1726723-1726995-1B_7S1-10K-parasitedensity-0p25x-primerconcentration-allpools-ENV-PV4-replicate1_S1_L001_trimmed"   
[209] "Pf3D7_13_v3-1876391-1876664-1A_7S1-10K-parasitedensity-0p25x-primerconcentration-allpools-ENV-PV4-replicate1_S1_L001_trimmed"   
[210] "Pf3D7_13_v3-2114242-2114482-1A_7S1-10K-parasitedensity-0p25x-primerconcentration-allpools-ENV-PV4-replicate1_S1_L001_trimmed"   
[211] "Pf3D7_13_v3-2114829-2115090-1A_7S1-10K-parasitedensity-0p25x-primerconcentration-allpools-ENV-PV4-replicate1_S1_L001_trimmed"   
[212] "Pf3D7_13_v3-2504481-2504734-1B_7S1-10K-parasitedensity-0p25x-primerconcentration-allpools-ENV-PV4-replicate1_S1_L001_trimmed"   
[213] "Pf3D7_13_v3-2545065-2545291-1A_7S1-10K-parasitedensity-0p25x-primerconcentration-allpools-ENV-PV4-replicate1_S1_L001_trimmed"   
[214] "Pf3D7_13_v3-2770591-2770863-2_7S1-10K-parasitedensity-0p25x-primerconcentration-allpools-ENV-PV4-replicate1_S1_L001_trimmed"    
[215] "Pf3D7_13_v3-2770621-2770854-1B_7S1-10K-parasitedensity-0p25x-primerconcentration-allpools-ENV-PV4-replicate1_S1_L001_trimmed"   
[216] "Pf3D7_13_v3-2780346-2780575-1B_7S1-10K-parasitedensity-0p25x-primerconcentration-allpools-ENV-PV4-replicate1_S1_L001_trimmed"   
[217] "Pf3D7_13_v3-2814583-2814832-2_7S1-10K-parasitedensity-0p25x-primerconcentration-allpools-ENV-PV4-replicate1_S1_L001_trimmed"    
[218] "Pf3D7_13_v3-2814606-2814855-1B_7S1-10K-parasitedensity-0p25x-primerconcentration-allpools-ENV-PV4-replicate1_S1_L001_trimmed"   
[219] "Pf3D7_13_v3-2816310-2816554-1B_7S1-10K-parasitedensity-0p25x-primerconcentration-allpools-ENV-PV4-replicate1_S1_L001_trimmed"   
[220] "Pf3D7_13_v3-2840447-2840746-2_7S1-10K-parasitedensity-0p25x-primerconcentration-allpools-ENV-PV4-replicate1_S1_L001_trimmed"    
[221] "Pf3D7_13_v3-2840462-2840736-1B_7S1-10K-parasitedensity-0p25x-primerconcentration-allpools-ENV-PV4-replicate1_S1_L001_trimmed"   
[222] "Pf3D7_13_v3-2841390-2841688-1B2_7S1-10K-parasitedensity-0p25x-primerconcentration-allpools-ENV-PV4-replicate1_S1_L001_trimmed"  
[223] "Pf3D7_13_v3-2844334-2844629-1B2_7S1-10K-parasitedensity-0p25x-primerconcentration-allpools-ENV-PV4-replicate1_S1_L001_trimmed"  
[224] "Pf3D7_13_v3-388138-388408-1A_7S1-10K-parasitedensity-0p25x-primerconcentration-allpools-ENV-PV4-replicate1_S1_L001_trimmed"     
[225] "Pf3D7_13_v3-479569-479811-1A_7S1-10K-parasitedensity-0p25x-primerconcentration-allpools-ENV-PV4-replicate1_S1_L001_trimmed"     
[226] "Pf3D7_13_v3-748254-748510-1B_7S1-10K-parasitedensity-0p25x-primerconcentration-allpools-ENV-PV4-replicate1_S1_L001_trimmed"     
[227] "Pf3D7_13_v3-815862-816091-1A_7S1-10K-parasitedensity-0p25x-primerconcentration-allpools-ENV-PV4-replicate1_S1_L001_trimmed"     
[228] "Pf3D7_13_v3-852647-852921-1A_7S1-10K-parasitedensity-0p25x-primerconcentration-allpools-ENV-PV4-replicate1_S1_L001_trimmed"     
[229] "Pf3D7_13_v3-911757-912005-1A_7S1-10K-parasitedensity-0p25x-primerconcentration-allpools-ENV-PV4-replicate1_S1_L001_trimmed"     
[230] "Pf3D7_13_v3-935613-935884-1A_7S1-10K-parasitedensity-0p25x-primerconcentration-allpools-ENV-PV4-replicate1_S1_L001_trimmed"     
[231] "Pf3D7_13_v3-958247-958510-1B_7S1-10K-parasitedensity-0p25x-primerconcentration-allpools-ENV-PV4-replicate1_S1_L001_trimmed"     
[232] "Pf3D7_14_v3-1038300-1038538-1A_7S1-10K-parasitedensity-0p25x-primerconcentration-allpools-ENV-PV4-replicate1_S1_L001_trimmed"   
[233] "Pf3D7_14_v3-106867-107115-1A_7S1-10K-parasitedensity-0p25x-primerconcentration-allpools-ENV-PV4-replicate1_S1_L001_trimmed"     
[234] "Pf3D7_14_v3-1166107-1166371-1A_7S1-10K-parasitedensity-0p25x-primerconcentration-allpools-ENV-PV4-replicate1_S1_L001_trimmed"   
[235] "Pf3D7_14_v3-120101-120365-1A_7S1-10K-parasitedensity-0p25x-primerconcentration-allpools-ENV-PV4-replicate1_S1_L001_trimmed"     
[236] "Pf3D7_14_v3-137398-137668-1A_7S1-10K-parasitedensity-0p25x-primerconcentration-allpools-ENV-PV4-replicate1_S1_L001_trimmed"     
[237] "Pf3D7_14_v3-1392837-1393086-1A_7S1-10K-parasitedensity-0p25x-primerconcentration-allpools-ENV-PV4-replicate1_S1_L001_trimmed"   
[238] "Pf3D7_14_v3-1954850-1955124-1B_7S1-10K-parasitedensity-0p25x-primerconcentration-allpools-ENV-PV4-replicate1_S1_L001_trimmed"   
[239] "Pf3D7_14_v3-1956056-1956330-1B_7S1-10K-parasitedensity-0p25x-primerconcentration-allpools-ENV-PV4-replicate1_S1_L001_trimmed"   
[240] "Pf3D7_14_v3-1956365-1956639-1B_7S1-10K-parasitedensity-0p25x-primerconcentration-allpools-ENV-PV4-replicate1_S1_L001_trimmed"   
[241] "Pf3D7_14_v3-1957218-1957480-1B_7S1-10K-parasitedensity-0p25x-primerconcentration-allpools-ENV-PV4-replicate1_S1_L001_trimmed"   
[242] "Pf3D7_14_v3-1992121-1992370-1A_7S1-10K-parasitedensity-0p25x-primerconcentration-allpools-ENV-PV4-replicate1_S1_L001_trimmed"   
[243] "Pf3D7_14_v3-2004362-2004606-1A_7S1-10K-parasitedensity-0p25x-primerconcentration-allpools-ENV-PV4-replicate1_S1_L001_trimmed"   
[244] "Pf3D7_14_v3-2020604-2020849-1A_7S1-10K-parasitedensity-0p25x-primerconcentration-allpools-ENV-PV4-replicate1_S1_L001_trimmed"   
[245] "Pf3D7_14_v3-2260533-2260765-1A_7S1-10K-parasitedensity-0p25x-primerconcentration-allpools-ENV-PV4-replicate1_S1_L001_trimmed"   
[246] "Pf3D7_14_v3-2355614-2355853-1A_7S1-10K-parasitedensity-0p25x-primerconcentration-allpools-ENV-PV4-replicate1_S1_L001_trimmed"   
[247] "Pf3D7_14_v3-2481033-2481276-1B_7S1-10K-parasitedensity-0p25x-primerconcentration-allpools-ENV-PV4-replicate1_S1_L001_trimmed"   
[248] "Pf3D7_14_v3-2695837-2696082-1A_7S1-10K-parasitedensity-0p25x-primerconcentration-allpools-ENV-PV4-replicate1_S1_L001_trimmed"   
[249] "Pf3D7_14_v3-2733345-2733593-1A_7S1-10K-parasitedensity-0p25x-primerconcentration-allpools-ENV-PV4-replicate1_S1_L001_trimmed"   
[250] "Pf3D7_14_v3-279563-279833-1A_7S1-10K-parasitedensity-0p25x-primerconcentration-allpools-ENV-PV4-replicate1_S1_L001_trimmed"     
[251] "Pf3D7_14_v3-283350-283576-1B_7S1-10K-parasitedensity-0p25x-primerconcentration-allpools-ENV-PV4-replicate1_S1_L001_trimmed"     
[252] "Pf3D7_14_v3-283973-284211-1B_7S1-10K-parasitedensity-0p25x-primerconcentration-allpools-ENV-PV4-replicate1_S1_L001_trimmed"     
[253] "Pf3D7_14_v3-2858894-2859160-1A_7S1-10K-parasitedensity-0p25x-primerconcentration-allpools-ENV-PV4-replicate1_S1_L001_trimmed"   
[254] "Pf3D7_14_v3-288429-288696-1B_7S1-10K-parasitedensity-0p25x-primerconcentration-allpools-ENV-PV4-replicate1_S1_L001_trimmed"     
[255] "Pf3D7_14_v3-289301-289550-1B_7S1-10K-parasitedensity-0p25x-primerconcentration-allpools-ENV-PV4-replicate1_S1_L001_trimmed"     
[256] "Pf3D7_14_v3-293575-293829-1B_7S1-10K-parasitedensity-0p25x-primerconcentration-allpools-ENV-PV4-replicate1_S1_L001_trimmed"     
[257] "Pf3D7_14_v3-294503-294768-2_7S1-10K-parasitedensity-0p25x-primerconcentration-allpools-ENV-PV4-replicate1_S1_L001_trimmed"      
[258] "Pf3D7_14_v3-294506-294753-1B_7S1-10K-parasitedensity-0p25x-primerconcentration-allpools-ENV-PV4-replicate1_S1_L001_trimmed"     
[259] "Pf3D7_14_v3-297583-297856-1B_7S1-10K-parasitedensity-0p25x-primerconcentration-allpools-ENV-PV4-replicate1_S1_L001_trimmed"     
[260] "Pf3D7_14_v3-297935-298162-1B_7S1-10K-parasitedensity-0p25x-primerconcentration-allpools-ENV-PV4-replicate1_S1_L001_trimmed"     
[261] "Pf3D7_14_v3-298368-298636-1B_7S1-10K-parasitedensity-0p25x-primerconcentration-allpools-ENV-PV4-replicate1_S1_L001_trimmed"     
[262] "Pf3D7_14_v3-3124416-3124655-1A_7S1-10K-parasitedensity-0p25x-primerconcentration-allpools-ENV-PV4-replicate1_S1_L001_trimmed"   
[263] "Pf3D7_14_v3-3125801-3126073-1A_7S1-10K-parasitedensity-0p25x-primerconcentration-allpools-ENV-PV4-replicate1_S1_L001_trimmed"   
[264] "Pf3D7_14_v3-3214249-3214516-1A_7S1-10K-parasitedensity-0p25x-primerconcentration-allpools-ENV-PV4-replicate1_S1_L001_trimmed"   
[265] "Pf3D7_14_v3-377765-378020-1A_7S1-10K-parasitedensity-0p25x-primerconcentration-allpools-ENV-PV4-replicate1_S1_L001_trimmed"     
[266] "Pf3D7_14_v3-407306-407542-1A_7S1-10K-parasitedensity-0p25x-primerconcentration-allpools-ENV-PV4-replicate1_S1_L001_trimmed"     
[267] "Pf3D7_14_v3-421322-421547-1A_7S1-10K-parasitedensity-0p25x-primerconcentration-allpools-ENV-PV4-replicate1_S1_L001_trimmed"     
[268] "Pf3D7_14_v3-771407-771633-1A_7S1-10K-parasitedensity-0p25x-primerconcentration-allpools-ENV-PV4-replicate1_S1_L001_trimmed"     
[269] "Pf3D7_14_v3-854128-854427-1B_7S1-10K-parasitedensity-0p25x-primerconcentration-allpools-ENV-PV4-replicate1_S1_L001_trimmed"     
[270] "Pf3D7_14_v3-860289-860542-1B_7S1-10K-parasitedensity-0p25x-primerconcentration-allpools-ENV-PV4-replicate1_S1_L001_trimmed"     
[271] "Pf3D7_14_v3-860834-861066-1B_7S1-10K-parasitedensity-0p25x-primerconcentration-allpools-ENV-PV4-replicate1_S1_L001_trimmed"     
[272] "Pf3D7_14_v3-921176-921432-1A_7S1-10K-parasitedensity-0p25x-primerconcentration-allpools-ENV-PV4-replicate1_S1_L001_trimmed"     
[273] "PKNH_12_v2-198869-199113-1AB_7S1-10K-parasitedensity-0p25x-primerconcentration-allpools-ENV-PV4-replicate1_S1_L001_trimmed"     
[274] "PmUG01_12_v1-1397996-1398245-1AB_7S1-10K-parasitedensity-0p25x-primerconcentration-allpools-ENV-PV4-replicate1_S1_L001_trimmed" 
[275] "PocGH01_12_v1-1106456-1106697-1AB_7S1-10K-parasitedensity-0p25x-primerconcentration-allpools-ENV-PV4-replicate1_S1_L001_trimmed"
[276] "PvP01_12_v1-1184983-1185208-1AB_7S1-10K-parasitedensity-0p25x-primerconcentration-allpools-ENV-PV4-replicate1_S1_L001_trimmed"  
Creating output directory: demultiplexed_fastqs1/filtered
The filter removed all reads: demultiplexed_fastqs1/filtered/Pf3D7_01_v3-145388-145662-1A_7S1-10K-parasitedensity-0p25x-primerconcentration-allpools-ENV-PV4-replicate1_S1_L001_trimmed_F_filt.fastq.gz and demultiplexed_fastqs1/filtered/Pf3D7_01_v3-145388-145662-1A_7S1-10K-parasitedensity-0p25x-primerconcentration-allpools-ENV-PV4-replicate1_S1_L001_trimmed_R_filt.fastq.gz not written.
The filter removed all reads: demultiplexed_fastqs1/filtered/Pf3D7_01_v3-535965-536239-1A_7S1-10K-parasitedensity-0p25x-primerconcentration-allpools-ENV-PV4-replicate1_S1_L001_trimmed_F_filt.fastq.gz and demultiplexed_fastqs1/filtered/Pf3D7_01_v3-535965-536239-1A_7S1-10K-parasitedensity-0p25x-primerconcentration-allpools-ENV-PV4-replicate1_S1_L001_trimmed_R_filt.fastq.gz not written.
The filter removed all reads: demultiplexed_fastqs1/filtered/Pf3D7_04_v3-1082776-1083049-1B_7S1-10K-parasitedensity-0p25x-primerconcentration-allpools-ENV-PV4-replicate1_S1_L001_trimmed_F_filt.fastq.gz and demultiplexed_fastqs1/filtered/Pf3D7_04_v3-1082776-1083049-1B_7S1-10K-parasitedensity-0p25x-primerconcentration-allpools-ENV-PV4-replicate1_S1_L001_trimmed_R_filt.fastq.gz not written.
The filter removed all reads: demultiplexed_fastqs1/filtered/Pf3D7_07_v3-405570-405844-1B_7S1-10K-parasitedensity-0p25x-primerconcentration-allpools-ENV-PV4-replicate1_S1_L001_trimmed_F_filt.fastq.gz and demultiplexed_fastqs1/filtered/Pf3D7_07_v3-405570-405844-1B_7S1-10K-parasitedensity-0p25x-primerconcentration-allpools-ENV-PV4-replicate1_S1_L001_trimmed_R_filt.fastq.gz not written.
The filter removed all reads: demultiplexed_fastqs1/filtered/Pf3D7_07_v3-404325-404590-1B_7S1-10K-parasitedensity-0p25x-primerconcentration-allpools-ENV-PV4-replicate1_S1_L001_trimmed_F_filt.fastq.gz and demultiplexed_fastqs1/filtered/Pf3D7_07_v3-404325-404590-1B_7S1-10K-parasitedensity-0p25x-primerconcentration-allpools-ENV-PV4-replicate1_S1_L001_trimmed_R_filt.fastq.gz not written.
The filter removed all reads: demultiplexed_fastqs1/filtered/Pf3D7_07_v3-627351-627625-1A_7S1-10K-parasitedensity-0p25x-primerconcentration-allpools-ENV-PV4-replicate1_S1_L001_trimmed_F_filt.fastq.gz and demultiplexed_fastqs1/filtered/Pf3D7_07_v3-627351-627625-1A_7S1-10K-parasitedensity-0p25x-primerconcentration-allpools-ENV-PV4-replicate1_S1_L001_trimmed_R_filt.fastq.gz not written.
The filter removed all reads: demultiplexed_fastqs1/filtered/Pf3D7_08_v3-1375025-1375284-1B_7S1-10K-parasitedensity-0p25x-primerconcentration-allpools-ENV-PV4-replicate1_S1_L001_trimmed_F_filt.fastq.gz and demultiplexed_fastqs1/filtered/Pf3D7_08_v3-1375025-1375284-1B_7S1-10K-parasitedensity-0p25x-primerconcentration-allpools-ENV-PV4-replicate1_S1_L001_trimmed_R_filt.fastq.gz not written.
The filter removed all reads: demultiplexed_fastqs1/filtered/Pf3D7_09_v3-685560-685825-1A_7S1-10K-parasitedensity-0p25x-primerconcentration-allpools-ENV-PV4-replicate1_S1_L001_trimmed_F_filt.fastq.gz and demultiplexed_fastqs1/filtered/Pf3D7_09_v3-685560-685825-1A_7S1-10K-parasitedensity-0p25x-primerconcentration-allpools-ENV-PV4-replicate1_S1_L001_trimmed_R_filt.fastq.gz not written.
The filter removed all reads: demultiplexed_fastqs1/filtered/Pf3D7_10_v3-490605-490877-1B_7S1-10K-parasitedensity-0p25x-primerconcentration-allpools-ENV-PV4-replicate1_S1_L001_trimmed_F_filt.fastq.gz and demultiplexed_fastqs1/filtered/Pf3D7_10_v3-490605-490877-1B_7S1-10K-parasitedensity-0p25x-primerconcentration-allpools-ENV-PV4-replicate1_S1_L001_trimmed_R_filt.fastq.gz not written.
The filter removed all reads: demultiplexed_fastqs1/filtered/Pf3D7_10_v3-992596-992869-1A_7S1-10K-parasitedensity-0p25x-primerconcentration-allpools-ENV-PV4-replicate1_S1_L001_trimmed_F_filt.fastq.gz and demultiplexed_fastqs1/filtered/Pf3D7_10_v3-992596-992869-1A_7S1-10K-parasitedensity-0p25x-primerconcentration-allpools-ENV-PV4-replicate1_S1_L001_trimmed_R_filt.fastq.gz not written.
The filter removed all reads: demultiplexed_fastqs1/filtered/Pf3D7_09_v3-516735-517007-1A_7S1-10K-parasitedensity-0p25x-primerconcentration-allpools-ENV-PV4-replicate1_S1_L001_trimmed_F_filt.fastq.gz and demultiplexed_fastqs1/filtered/Pf3D7_09_v3-516735-517007-1A_7S1-10K-parasitedensity-0p25x-primerconcentration-allpools-ENV-PV4-replicate1_S1_L001_trimmed_R_filt.fastq.gz not written.
The filter removed all reads: demultiplexed_fastqs1/filtered/Pf3D7_11_v3-1019050-1019319-1A_7S1-10K-parasitedensity-0p25x-primerconcentration-allpools-ENV-PV4-replicate1_S1_L001_trimmed_F_filt.fastq.gz and demultiplexed_fastqs1/filtered/Pf3D7_11_v3-1019050-1019319-1A_7S1-10K-parasitedensity-0p25x-primerconcentration-allpools-ENV-PV4-replicate1_S1_L001_trimmed_R_filt.fastq.gz not written.
The filter removed all reads: demultiplexed_fastqs1/filtered/Pf3D7_11_v3-1934962-1935236-1A_7S1-10K-parasitedensity-0p25x-primerconcentration-allpools-ENV-PV4-replicate1_S1_L001_trimmed_F_filt.fastq.gz and demultiplexed_fastqs1/filtered/Pf3D7_11_v3-1934962-1935236-1A_7S1-10K-parasitedensity-0p25x-primerconcentration-allpools-ENV-PV4-replicate1_S1_L001_trimmed_R_filt.fastq.gz not written.
The filter removed all reads: demultiplexed_fastqs1/filtered/Pf3D7_11_v3-1294284-1294580-1B_7S1-10K-parasitedensity-0p25x-primerconcentration-allpools-ENV-PV4-replicate1_S1_L001_trimmed_F_filt.fastq.gz and demultiplexed_fastqs1/filtered/Pf3D7_11_v3-1294284-1294580-1B_7S1-10K-parasitedensity-0p25x-primerconcentration-allpools-ENV-PV4-replicate1_S1_L001_trimmed_R_filt.fastq.gz not written.
The filter removed all reads: demultiplexed_fastqs1/filtered/Pf3D7_11_v3-2001721-2001954-1B_7S1-10K-parasitedensity-0p25x-primerconcentration-allpools-ENV-PV4-replicate1_S1_L001_trimmed_F_filt.fastq.gz and demultiplexed_fastqs1/filtered/Pf3D7_11_v3-2001721-2001954-1B_7S1-10K-parasitedensity-0p25x-primerconcentration-allpools-ENV-PV4-replicate1_S1_L001_trimmed_R_filt.fastq.gz not written.
The filter removed all reads: demultiplexed_fastqs1/filtered/Pf3D7_11_v3-1950401-1950636-1B_7S1-10K-parasitedensity-0p25x-primerconcentration-allpools-ENV-PV4-replicate1_S1_L001_trimmed_F_filt.fastq.gz and demultiplexed_fastqs1/filtered/Pf3D7_11_v3-1950401-1950636-1B_7S1-10K-parasitedensity-0p25x-primerconcentration-allpools-ENV-PV4-replicate1_S1_L001_trimmed_R_filt.fastq.gz not written.
The filter removed all reads: demultiplexed_fastqs1/filtered/Pf3D7_13_v3-1465010-1465307-1B_7S1-10K-parasitedensity-0p25x-primerconcentration-allpools-ENV-PV4-replicate1_S1_L001_trimmed_F_filt.fastq.gz and demultiplexed_fastqs1/filtered/Pf3D7_13_v3-1465010-1465307-1B_7S1-10K-parasitedensity-0p25x-primerconcentration-allpools-ENV-PV4-replicate1_S1_L001_trimmed_R_filt.fastq.gz not written.
The filter removed all reads: demultiplexed_fastqs1/filtered/Pf3D7_11_v3-2001969-2002222-1B_7S1-10K-parasitedensity-0p25x-primerconcentration-allpools-ENV-PV4-replicate1_S1_L001_trimmed_F_filt.fastq.gz and demultiplexed_fastqs1/filtered/Pf3D7_11_v3-2001969-2002222-1B_7S1-10K-parasitedensity-0p25x-primerconcentration-allpools-ENV-PV4-replicate1_S1_L001_trimmed_R_filt.fastq.gz not written.
The filter removed all reads: demultiplexed_fastqs1/filtered/Pf3D7_13_v3-1876391-1876664-1A_7S1-10K-parasitedensity-0p25x-primerconcentration-allpools-ENV-PV4-replicate1_S1_L001_trimmed_F_filt.fastq.gz and demultiplexed_fastqs1/filtered/Pf3D7_13_v3-1876391-1876664-1A_7S1-10K-parasitedensity-0p25x-primerconcentration-allpools-ENV-PV4-replicate1_S1_L001_trimmed_R_filt.fastq.gz not written.
The filter removed all reads: demultiplexed_fastqs1/filtered/Pf3D7_13_v3-2840462-2840736-1B_7S1-10K-parasitedensity-0p25x-primerconcentration-allpools-ENV-PV4-replicate1_S1_L001_trimmed_F_filt.fastq.gz and demultiplexed_fastqs1/filtered/Pf3D7_13_v3-2840462-2840736-1B_7S1-10K-parasitedensity-0p25x-primerconcentration-allpools-ENV-PV4-replicate1_S1_L001_trimmed_R_filt.fastq.gz not written.
The filter removed all reads: demultiplexed_fastqs1/filtered/Pf3D7_14_v3-137398-137668-1A_7S1-10K-parasitedensity-0p25x-primerconcentration-allpools-ENV-PV4-replicate1_S1_L001_trimmed_F_filt.fastq.gz and demultiplexed_fastqs1/filtered/Pf3D7_14_v3-137398-137668-1A_7S1-10K-parasitedensity-0p25x-primerconcentration-allpools-ENV-PV4-replicate1_S1_L001_trimmed_R_filt.fastq.gz not written.
The filter removed all reads: demultiplexed_fastqs1/filtered/Pf3D7_14_v3-854128-854427-1B_7S1-10K-parasitedensity-0p25x-primerconcentration-allpools-ENV-PV4-replicate1_S1_L001_trimmed_F_filt.fastq.gz and demultiplexed_fastqs1/filtered/Pf3D7_14_v3-854128-854427-1B_7S1-10K-parasitedensity-0p25x-primerconcentration-allpools-ENV-PV4-replicate1_S1_L001_trimmed_R_filt.fastq.gz not written.
The filter removed all reads: demultiplexed_fastqs1/filtered/PocGH01_12_v1-1106456-1106697-1AB_7S1-10K-parasitedensity-0p25x-primerconcentration-allpools-ENV-PV4-replicate1_S1_L001_trimmed_F_filt.fastq.gz and demultiplexed_fastqs1/filtered/PocGH01_12_v1-1106456-1106697-1AB_7S1-10K-parasitedensity-0p25x-primerconcentration-allpools-ENV-PV4-replicate1_S1_L001_trimmed_R_filt.fastq.gz not written.
The filter removed all reads: demultiplexed_fastqs1/filtered/PKNH_12_v2-198869-199113-1AB_7S1-10K-parasitedensity-0p25x-primerconcentration-allpools-ENV-PV4-replicate1_S1_L001_trimmed_F_filt.fastq.gz and demultiplexed_fastqs1/filtered/PKNH_12_v2-198869-199113-1AB_7S1-10K-parasitedensity-0p25x-primerconcentration-allpools-ENV-PV4-replicate1_S1_L001_trimmed_R_filt.fastq.gz not written.
The filter removed all reads: demultiplexed_fastqs1/filtered/PvP01_12_v1-1184983-1185208-1AB_7S1-10K-parasitedensity-0p25x-primerconcentration-allpools-ENV-PV4-replicate1_S1_L001_trimmed_F_filt.fastq.gz and demultiplexed_fastqs1/filtered/PvP01_12_v1-1184983-1185208-1AB_7S1-10K-parasitedensity-0p25x-primerconcentration-allpools-ENV-PV4-replicate1_S1_L001_trimmed_R_filt.fastq.gz not written.
The filter removed all reads: demultiplexed_fastqs1/filtered/PmUG01_12_v1-1397996-1398245-1AB_7S1-10K-parasitedensity-0p25x-primerconcentration-allpools-ENV-PV4-replicate1_S1_L001_trimmed_F_filt.fastq.gz and demultiplexed_fastqs1/filtered/PmUG01_12_v1-1397996-1398245-1AB_7S1-10K-parasitedensity-0p25x-primerconcentration-allpools-ENV-PV4-replicate1_S1_L001_trimmed_R_filt.fastq.gz not written.
Some input samples had no reads pass the filter.
4140242 total bases in 36172 reads from 250 samples will be used for learning the error rates.
4179765 total bases in 36172 reads from 250 samples will be used for learning the error rates.
30 paired-reads (in 1 unique pairings) successfully merged out of 30 (in 1 pairings) input.
53 paired-reads (in 1 unique pairings) successfully merged out of 53 (in 1 pairings) input.
243 paired-reads (in 1 unique pairings) successfully merged out of 243 (in 1 pairings) input.
5 paired-reads (in 1 unique pairings) successfully merged out of 5 (in 1 pairings) input.
216 paired-reads (in 1 unique pairings) successfully merged out of 216 (in 1 pairings) input.
95 paired-reads (in 1 unique pairings) successfully merged out of 95 (in 1 pairings) input.
40 paired-reads (in 1 unique pairings) successfully merged out of 40 (in 1 pairings) input.
3 paired-reads (in 1 unique pairings) successfully merged out of 3 (in 1 pairings) input.
73 paired-reads (in 1 unique pairings) successfully merged out of 73 (in 1 pairings) input.
137 paired-reads (in 1 unique pairings) successfully merged out of 137 (in 1 pairings) input.
9 paired-reads (in 1 unique pairings) successfully merged out of 9 (in 1 pairings) input.
11 paired-reads (in 1 unique pairings) successfully merged out of 11 (in 1 pairings) input.
1143 paired-reads (in 1 unique pairings) successfully merged out of 1143 (in 1 pairings) input.
77 paired-reads (in 1 unique pairings) successfully merged out of 77 (in 1 pairings) input.
107 paired-reads (in 1 unique pairings) successfully merged out of 107 (in 1 pairings) input.
69 paired-reads (in 1 unique pairings) successfully merged out of 69 (in 1 pairings) input.
27 paired-reads (in 1 unique pairings) successfully merged out of 27 (in 1 pairings) input.
1 paired-reads (in 1 unique pairings) successfully merged out of 1 (in 1 pairings) input.
3 paired-reads (in 1 unique pairings) successfully merged out of 3 (in 1 pairings) input.
61 paired-reads (in 1 unique pairings) successfully merged out of 61 (in 1 pairings) input.
336 paired-reads (in 1 unique pairings) successfully merged out of 336 (in 1 pairings) input.
146 paired-reads (in 1 unique pairings) successfully merged out of 146 (in 1 pairings) input.
6 paired-reads (in 1 unique pairings) successfully merged out of 6 (in 1 pairings) input.
163 paired-reads (in 1 unique pairings) successfully merged out of 163 (in 1 pairings) input.
41 paired-reads (in 1 unique pairings) successfully merged out of 41 (in 1 pairings) input.
18 paired-reads (in 1 unique pairings) successfully merged out of 18 (in 1 pairings) input.
156 paired-reads (in 1 unique pairings) successfully merged out of 156 (in 1 pairings) input.
85 paired-reads (in 1 unique pairings) successfully merged out of 85 (in 1 pairings) input.
260 paired-reads (in 1 unique pairings) successfully merged out of 260 (in 1 pairings) input.
15 paired-reads (in 1 unique pairings) successfully merged out of 15 (in 1 pairings) input.
40 paired-reads (in 1 unique pairings) successfully merged out of 40 (in 1 pairings) input.
145 paired-reads (in 1 unique pairings) successfully merged out of 145 (in 1 pairings) input.
459 paired-reads (in 1 unique pairings) successfully merged out of 459 (in 1 pairings) input.
31 paired-reads (in 1 unique pairings) successfully merged out of 31 (in 1 pairings) input.
195 paired-reads (in 1 unique pairings) successfully merged out of 195 (in 1 pairings) input.
251 paired-reads (in 1 unique pairings) successfully merged out of 251 (in 1 pairings) input.
76 paired-reads (in 1 unique pairings) successfully merged out of 76 (in 1 pairings) input.
91 paired-reads (in 1 unique pairings) successfully merged out of 91 (in 1 pairings) input.
7 paired-reads (in 1 unique pairings) successfully merged out of 7 (in 1 pairings) input.
1 paired-reads (in 1 unique pairings) successfully merged out of 1 (in 1 pairings) input.
2 paired-reads (in 1 unique pairings) successfully merged out of 2 (in 1 pairings) input.
37 paired-reads (in 1 unique pairings) successfully merged out of 37 (in 1 pairings) input.
137 paired-reads (in 1 unique pairings) successfully merged out of 137 (in 1 pairings) input.
704 paired-reads (in 1 unique pairings) successfully merged out of 704 (in 1 pairings) input.
172 paired-reads (in 1 unique pairings) successfully merged out of 172 (in 1 pairings) input.
44 paired-reads (in 1 unique pairings) successfully merged out of 44 (in 1 pairings) input.
21 paired-reads (in 1 unique pairings) successfully merged out of 21 (in 1 pairings) input.
186 paired-reads (in 1 unique pairings) successfully merged out of 186 (in 1 pairings) input.
27 paired-reads (in 1 unique pairings) successfully merged out of 27 (in 1 pairings) input.
5 paired-reads (in 1 unique pairings) successfully merged out of 5 (in 1 pairings) input.
59 paired-reads (in 1 unique pairings) successfully merged out of 59 (in 1 pairings) input.
13 paired-reads (in 1 unique pairings) successfully merged out of 13 (in 1 pairings) input.
1 paired-reads (in 1 unique pairings) successfully merged out of 1 (in 1 pairings) input.
89 paired-reads (in 1 unique pairings) successfully merged out of 89 (in 1 pairings) input.
48 paired-reads (in 1 unique pairings) successfully merged out of 48 (in 1 pairings) input.
3 paired-reads (in 1 unique pairings) successfully merged out of 3 (in 1 pairings) input.
129 paired-reads (in 1 unique pairings) successfully merged out of 129 (in 1 pairings) input.
166 paired-reads (in 1 unique pairings) successfully merged out of 166 (in 1 pairings) input.
8 paired-reads (in 1 unique pairings) successfully merged out of 8 (in 1 pairings) input.
97 paired-reads (in 1 unique pairings) successfully merged out of 97 (in 1 pairings) input.
5 paired-reads (in 1 unique pairings) successfully merged out of 5 (in 1 pairings) input.
171 paired-reads (in 1 unique pairings) successfully merged out of 171 (in 1 pairings) input.
22 paired-reads (in 1 unique pairings) successfully merged out of 22 (in 1 pairings) input.
6 paired-reads (in 1 unique pairings) successfully merged out of 6 (in 1 pairings) input.
3 paired-reads (in 1 unique pairings) successfully merged out of 3 (in 1 pairings) input.
61 paired-reads (in 1 unique pairings) successfully merged out of 61 (in 1 pairings) input.
5 paired-reads (in 1 unique pairings) successfully merged out of 5 (in 1 pairings) input.
38 paired-reads (in 1 unique pairings) successfully merged out of 38 (in 1 pairings) input.
4 paired-reads (in 1 unique pairings) successfully merged out of 4 (in 1 pairings) input.
27 paired-reads (in 1 unique pairings) successfully merged out of 27 (in 1 pairings) input.
2 paired-reads (in 1 unique pairings) successfully merged out of 2 (in 1 pairings) input.
1 paired-reads (in 1 unique pairings) successfully merged out of 1 (in 1 pairings) input.
132 paired-reads (in 1 unique pairings) successfully merged out of 132 (in 1 pairings) input.
113 paired-reads (in 1 unique pairings) successfully merged out of 113 (in 1 pairings) input.
19 paired-reads (in 1 unique pairings) successfully merged out of 19 (in 1 pairings) input.
437 paired-reads (in 2 unique pairings) successfully merged out of 437 (in 2 pairings) input.
Duplicate sequences in merged output.
2 paired-reads (in 1 unique pairings) successfully merged out of 2 (in 1 pairings) input.
2 paired-reads (in 1 unique pairings) successfully merged out of 2 (in 1 pairings) input.
116 paired-reads (in 1 unique pairings) successfully merged out of 116 (in 1 pairings) input.
3 paired-reads (in 1 unique pairings) successfully merged out of 3 (in 1 pairings) input.
93 paired-reads (in 1 unique pairings) successfully merged out of 93 (in 1 pairings) input.
110 paired-reads (in 1 unique pairings) successfully merged out of 110 (in 1 pairings) input.
70 paired-reads (in 1 unique pairings) successfully merged out of 70 (in 1 pairings) input.
452 paired-reads (in 1 unique pairings) successfully merged out of 452 (in 1 pairings) input.
17 paired-reads (in 1 unique pairings) successfully merged out of 17 (in 1 pairings) input.
0 paired-reads (in 0 unique pairings) successfully merged out of 2 (in 1 pairings) input.
0 paired-reads (in 0 unique pairings) successfully merged out of 8 (in 1 pairings) input.
570 paired-reads (in 1 unique pairings) successfully merged out of 570 (in 1 pairings) input.
19 paired-reads (in 1 unique pairings) successfully merged out of 19 (in 1 pairings) input.
126 paired-reads (in 1 unique pairings) successfully merged out of 126 (in 1 pairings) input.
129 paired-reads (in 1 unique pairings) successfully merged out of 129 (in 1 pairings) input.
2 paired-reads (in 1 unique pairings) successfully merged out of 2 (in 1 pairings) input.
41 paired-reads (in 1 unique pairings) successfully merged out of 41 (in 1 pairings) input.
55 paired-reads (in 1 unique pairings) successfully merged out of 55 (in 1 pairings) input.
273 paired-reads (in 1 unique pairings) successfully merged out of 273 (in 1 pairings) input.
9 paired-reads (in 1 unique pairings) successfully merged out of 9 (in 1 pairings) input.
173 paired-reads (in 1 unique pairings) successfully merged out of 173 (in 1 pairings) input.
26 paired-reads (in 1 unique pairings) successfully merged out of 26 (in 1 pairings) input.
5 paired-reads (in 1 unique pairings) successfully merged out of 5 (in 1 pairings) input.
188 paired-reads (in 1 unique pairings) successfully merged out of 188 (in 1 pairings) input.
145 paired-reads (in 1 unique pairings) successfully merged out of 145 (in 1 pairings) input.
1647 paired-reads (in 1 unique pairings) successfully merged out of 1647 (in 1 pairings) input.
965 paired-reads (in 1 unique pairings) successfully merged out of 965 (in 1 pairings) input.
128 paired-reads (in 1 unique pairings) successfully merged out of 128 (in 1 pairings) input.
6 paired-reads (in 1 unique pairings) successfully merged out of 6 (in 1 pairings) input.
94 paired-reads (in 2 unique pairings) successfully merged out of 432 (in 4 pairings) input.
414 paired-reads (in 1 unique pairings) successfully merged out of 414 (in 1 pairings) input.
762 paired-reads (in 1 unique pairings) successfully merged out of 762 (in 1 pairings) input.
59 paired-reads (in 1 unique pairings) successfully merged out of 59 (in 1 pairings) input.
85 paired-reads (in 1 unique pairings) successfully merged out of 85 (in 1 pairings) input.
11 paired-reads (in 1 unique pairings) successfully merged out of 11 (in 1 pairings) input.
3 paired-reads (in 1 unique pairings) successfully merged out of 3 (in 1 pairings) input.
84 paired-reads (in 1 unique pairings) successfully merged out of 84 (in 1 pairings) input.
263 paired-reads (in 1 unique pairings) successfully merged out of 263 (in 1 pairings) input.
15 paired-reads (in 1 unique pairings) successfully merged out of 15 (in 1 pairings) input.
851 paired-reads (in 1 unique pairings) successfully merged out of 851 (in 1 pairings) input.
4 paired-reads (in 1 unique pairings) successfully merged out of 4 (in 1 pairings) input.
54 paired-reads (in 1 unique pairings) successfully merged out of 54 (in 1 pairings) input.
3 paired-reads (in 1 unique pairings) successfully merged out of 3 (in 1 pairings) input.
2 paired-reads (in 1 unique pairings) successfully merged out of 2 (in 1 pairings) input.
19 paired-reads (in 1 unique pairings) successfully merged out of 19 (in 1 pairings) input.
59 paired-reads (in 1 unique pairings) successfully merged out of 59 (in 1 pairings) input.
25 paired-reads (in 1 unique pairings) successfully merged out of 25 (in 1 pairings) input.
37 paired-reads (in 1 unique pairings) successfully merged out of 37 (in 1 pairings) input.
157 paired-reads (in 1 unique pairings) successfully merged out of 157 (in 1 pairings) input.
7 paired-reads (in 1 unique pairings) successfully merged out of 7 (in 1 pairings) input.
280 paired-reads (in 1 unique pairings) successfully merged out of 280 (in 1 pairings) input.
56 paired-reads (in 1 unique pairings) successfully merged out of 56 (in 1 pairings) input.
33 paired-reads (in 1 unique pairings) successfully merged out of 33 (in 1 pairings) input.
47 paired-reads (in 1 unique pairings) successfully merged out of 47 (in 1 pairings) input.
153 paired-reads (in 1 unique pairings) successfully merged out of 153 (in 1 pairings) input.
3 paired-reads (in 1 unique pairings) successfully merged out of 3 (in 1 pairings) input.
142 paired-reads (in 1 unique pairings) successfully merged out of 142 (in 1 pairings) input.
1 paired-reads (in 1 unique pairings) successfully merged out of 1 (in 1 pairings) input.
76 paired-reads (in 1 unique pairings) successfully merged out of 76 (in 1 pairings) input.
3 paired-reads (in 1 unique pairings) successfully merged out of 3 (in 1 pairings) input.
3 paired-reads (in 1 unique pairings) successfully merged out of 3 (in 1 pairings) input.
138 paired-reads (in 1 unique pairings) successfully merged out of 138 (in 1 pairings) input.
117 paired-reads (in 1 unique pairings) successfully merged out of 117 (in 1 pairings) input.
264 paired-reads (in 1 unique pairings) successfully merged out of 264 (in 1 pairings) input.
280 paired-reads (in 1 unique pairings) successfully merged out of 280 (in 1 pairings) input.
17 paired-reads (in 1 unique pairings) successfully merged out of 17 (in 1 pairings) input.
12 paired-reads (in 1 unique pairings) successfully merged out of 12 (in 1 pairings) input.
73 paired-reads (in 1 unique pairings) successfully merged out of 73 (in 1 pairings) input.
193 paired-reads (in 1 unique pairings) successfully merged out of 193 (in 1 pairings) input.
46 paired-reads (in 1 unique pairings) successfully merged out of 46 (in 1 pairings) input.
1061 paired-reads (in 1 unique pairings) successfully merged out of 1061 (in 1 pairings) input.
1 paired-reads (in 1 unique pairings) successfully merged out of 1 (in 1 pairings) input.
1 paired-reads (in 1 unique pairings) successfully merged out of 1 (in 1 pairings) input.
1 paired-reads (in 1 unique pairings) successfully merged out of 1 (in 1 pairings) input.
1 paired-reads (in 1 unique pairings) successfully merged out of 1 (in 1 pairings) input.
52 paired-reads (in 1 unique pairings) successfully merged out of 52 (in 1 pairings) input.
114 paired-reads (in 1 unique pairings) successfully merged out of 114 (in 1 pairings) input.
2 paired-reads (in 1 unique pairings) successfully merged out of 2 (in 1 pairings) input.
60 paired-reads (in 1 unique pairings) successfully merged out of 60 (in 1 pairings) input.
11 paired-reads (in 1 unique pairings) successfully merged out of 11 (in 1 pairings) input.
1150 paired-reads (in 1 unique pairings) successfully merged out of 1150 (in 1 pairings) input.
51 paired-reads (in 1 unique pairings) successfully merged out of 51 (in 1 pairings) input.
11 paired-reads (in 1 unique pairings) successfully merged out of 11 (in 1 pairings) input.
71 paired-reads (in 1 unique pairings) successfully merged out of 71 (in 1 pairings) input.
80 paired-reads (in 1 unique pairings) successfully merged out of 80 (in 1 pairings) input.
176 paired-reads (in 1 unique pairings) successfully merged out of 176 (in 1 pairings) input.
4 paired-reads (in 1 unique pairings) successfully merged out of 4 (in 1 pairings) input.
2 paired-reads (in 1 unique pairings) successfully merged out of 2 (in 1 pairings) input.
33 paired-reads (in 1 unique pairings) successfully merged out of 33 (in 1 pairings) input.
149 paired-reads (in 1 unique pairings) successfully merged out of 149 (in 1 pairings) input.
110 paired-reads (in 1 unique pairings) successfully merged out of 110 (in 1 pairings) input.
201 paired-reads (in 1 unique pairings) successfully merged out of 201 (in 1 pairings) input.
92 paired-reads (in 1 unique pairings) successfully merged out of 92 (in 1 pairings) input.
10 paired-reads (in 1 unique pairings) successfully merged out of 10 (in 1 pairings) input.
17 paired-reads (in 1 unique pairings) successfully merged out of 17 (in 1 pairings) input.
19 paired-reads (in 1 unique pairings) successfully merged out of 19 (in 1 pairings) input.
96 paired-reads (in 1 unique pairings) successfully merged out of 96 (in 1 pairings) input.
118 paired-reads (in 1 unique pairings) successfully merged out of 118 (in 1 pairings) input.
55 paired-reads (in 1 unique pairings) successfully merged out of 55 (in 1 pairings) input.
6 paired-reads (in 1 unique pairings) successfully merged out of 6 (in 1 pairings) input.
2 paired-reads (in 1 unique pairings) successfully merged out of 2 (in 1 pairings) input.
808 paired-reads (in 1 unique pairings) successfully merged out of 808 (in 1 pairings) input.
25 paired-reads (in 1 unique pairings) successfully merged out of 25 (in 1 pairings) input.
204 paired-reads (in 1 unique pairings) successfully merged out of 204 (in 1 pairings) input.
20 paired-reads (in 1 unique pairings) successfully merged out of 20 (in 1 pairings) input.
216 paired-reads (in 1 unique pairings) successfully merged out of 216 (in 1 pairings) input.
1706 paired-reads (in 1 unique pairings) successfully merged out of 1706 (in 1 pairings) input.
42 paired-reads (in 1 unique pairings) successfully merged out of 42 (in 1 pairings) input.
2408 paired-reads (in 1 unique pairings) successfully merged out of 2408 (in 1 pairings) input.
9 paired-reads (in 1 unique pairings) successfully merged out of 9 (in 1 pairings) input.
75 paired-reads (in 1 unique pairings) successfully merged out of 75 (in 1 pairings) input.
5 paired-reads (in 1 unique pairings) successfully merged out of 5 (in 1 pairings) input.
15 paired-reads (in 1 unique pairings) successfully merged out of 15 (in 1 pairings) input.
127 paired-reads (in 1 unique pairings) successfully merged out of 127 (in 1 pairings) input.
571 paired-reads (in 1 unique pairings) successfully merged out of 571 (in 1 pairings) input.
85 paired-reads (in 1 unique pairings) successfully merged out of 85 (in 1 pairings) input.
25 paired-reads (in 1 unique pairings) successfully merged out of 25 (in 1 pairings) input.
2632 paired-reads (in 1 unique pairings) successfully merged out of 2632 (in 1 pairings) input.
203 paired-reads (in 1 unique pairings) successfully merged out of 203 (in 1 pairings) input.
114 paired-reads (in 1 unique pairings) successfully merged out of 114 (in 1 pairings) input.
11 paired-reads (in 1 unique pairings) successfully merged out of 11 (in 1 pairings) input.
123 paired-reads (in 1 unique pairings) successfully merged out of 123 (in 1 pairings) input.
10 paired-reads (in 1 unique pairings) successfully merged out of 10 (in 1 pairings) input.
67 paired-reads (in 1 unique pairings) successfully merged out of 67 (in 1 pairings) input.
1 paired-reads (in 1 unique pairings) successfully merged out of 1 (in 1 pairings) input.
79 paired-reads (in 1 unique pairings) successfully merged out of 79 (in 1 pairings) input.
3 paired-reads (in 1 unique pairings) successfully merged out of 3 (in 1 pairings) input.
12 paired-reads (in 1 unique pairings) successfully merged out of 12 (in 1 pairings) input.
135 paired-reads (in 1 unique pairings) successfully merged out of 135 (in 1 pairings) input.
36 paired-reads (in 1 unique pairings) successfully merged out of 36 (in 1 pairings) input.
10 paired-reads (in 1 unique pairings) successfully merged out of 10 (in 1 pairings) input.
25 paired-reads (in 1 unique pairings) successfully merged out of 25 (in 1 pairings) input.
44 paired-reads (in 1 unique pairings) successfully merged out of 44 (in 1 pairings) input.
2 paired-reads (in 1 unique pairings) successfully merged out of 2 (in 1 pairings) input.
2 paired-reads (in 1 unique pairings) successfully merged out of 2 (in 1 pairings) input.
1 paired-reads (in 1 unique pairings) successfully merged out of 1 (in 1 pairings) input.
4 paired-reads (in 1 unique pairings) successfully merged out of 4 (in 1 pairings) input.
23 paired-reads (in 1 unique pairings) successfully merged out of 23 (in 1 pairings) input.
50 paired-reads (in 1 unique pairings) successfully merged out of 50 (in 1 pairings) input.
76 paired-reads (in 1 unique pairings) successfully merged out of 76 (in 1 pairings) input.
201 paired-reads (in 1 unique pairings) successfully merged out of 201 (in 1 pairings) input.
124 paired-reads (in 1 unique pairings) successfully merged out of 124 (in 1 pairings) input.
82 paired-reads (in 1 unique pairings) successfully merged out of 82 (in 1 pairings) input.
48 paired-reads (in 1 unique pairings) successfully merged out of 48 (in 1 pairings) input.
55 paired-reads (in 1 unique pairings) successfully merged out of 55 (in 1 pairings) input.
3 paired-reads (in 1 unique pairings) successfully merged out of 3 (in 1 pairings) input.
197 paired-reads (in 1 unique pairings) successfully merged out of 197 (in 1 pairings) input.
98 paired-reads (in 1 unique pairings) successfully merged out of 98 (in 1 pairings) input.
5 paired-reads (in 1 unique pairings) successfully merged out of 5 (in 1 pairings) input.
10 paired-reads (in 1 unique pairings) successfully merged out of 10 (in 1 pairings) input.
34 paired-reads (in 1 unique pairings) successfully merged out of 34 (in 1 pairings) input.
15 paired-reads (in 1 unique pairings) successfully merged out of 15 (in 1 pairings) input.
624 paired-reads (in 1 unique pairings) successfully merged out of 624 (in 1 pairings) input.
81 paired-reads (in 1 unique pairings) successfully merged out of 81 (in 1 pairings) input.
1 paired-reads (in 1 unique pairings) successfully merged out of 1 (in 1 pairings) input.
263 paired-reads (in 1 unique pairings) successfully merged out of 263 (in 1 pairings) input.
28 paired-reads (in 1 unique pairings) successfully merged out of 28 (in 1 pairings) input.
324 paired-reads (in 1 unique pairings) successfully merged out of 324 (in 1 pairings) input.
3 paired-reads (in 1 unique pairings) successfully merged out of 3 (in 1 pairings) input.
28 paired-reads (in 1 unique pairings) successfully merged out of 28 (in 1 pairings) input.
3 paired-reads (in 1 unique pairings) successfully merged out of 3 (in 1 pairings) input.
298 paired-reads (in 1 unique pairings) successfully merged out of 298 (in 1 pairings) input.
111 paired-reads (in 1 unique pairings) successfully merged out of 111 (in 1 pairings) input.
242 paired-reads (in 1 unique pairings) successfully merged out of 242 (in 1 pairings) input.
54 paired-reads (in 1 unique pairings) successfully merged out of 54 (in 1 pairings) input.
294 paired-reads (in 1 unique pairings) successfully merged out of 294 (in 1 pairings) input.
1 paired-reads (in 1 unique pairings) successfully merged out of 1 (in 1 pairings) input.
14 paired-reads (in 1 unique pairings) successfully merged out of 14 (in 1 pairings) input.
47 paired-reads (in 1 unique pairings) successfully merged out of 47 (in 1 pairings) input.
11 paired-reads (in 1 unique pairings) successfully merged out of 11 (in 1 pairings) input.
4 paired-reads (in 1 unique pairings) successfully merged out of 4 (in 1 pairings) input.
77 paired-reads (in 1 unique pairings) successfully merged out of 77 (in 1 pairings) input.
172 paired-reads (in 1 unique pairings) successfully merged out of 172 (in 1 pairings) input.
138 paired-reads (in 1 unique pairings) successfully merged out of 138 (in 1 pairings) input.
Duplicate sequences detected and merged.
Identified 0 bimeras out of 249 input sequences.
