$alleledata
[1] "allele_data.txt"

$amplicon_coverage
[1] "amplicon_coverage.txt"

$amplicon_coverage_out
[1] "amplicon_coverage_postprocessed.txt"

$clusters
[1] "dada2.clusters.txt"

$sample_coverage
[1] "sample_coverage.txt"

$sample_coverage_out
[1] "sample_coverage_postprocessed.txt"

'data.frame':	3 obs. of  3 variables:
 $ SampleID: chr  "7S1-10K-parasitedensity-0p25x-primerconcentration-allpools-ENV-PV4-replicate1_S1_L001" "7S1-10K-parasitedensity-0p25x-primerconcentration-allpools-ENV-PV4-replicate1_S1_L001" "7S1-10K-parasitedensity-0p25x-primerconcentration-allpools-ENV-PV4-replicate1_S1_L001"
 $ Stage   : chr  "Input" "No Dimers" "Amplicons"
 $ Reads   : int  162920 43475 36211
NULL
'data.frame':	276 obs. of  3 variables:
 $ SampleID: chr  "7S1-10K-parasitedensity-0p25x-primerconcentration-allpools-ENV-PV4-replicate1_S1_L001" "7S1-10K-parasitedensity-0p25x-primerconcentration-allpools-ENV-PV4-replicate1_S1_L001" "7S1-10K-parasitedensity-0p25x-primerconcentration-allpools-ENV-PV4-replicate1_S1_L001" "7S1-10K-parasitedensity-0p25x-primerconcentration-allpools-ENV-PV4-replicate1_S1_L001" ...
 $ Locus   : chr  "Pf3D7_01_v3-145388-145662-1A" "Pf3D7_01_v3-162867-163115-1A" "Pf3D7_01_v3-181512-181761-1A" "Pf3D7_01_v3-455794-456054-1A" ...
 $ Reads   : int  0 30 53 5 216 0 95 40 3 73 ...
NULL
